gcc -D_FORTIFY_SOURCE=2 -D_GNU_SOURCE -D_FILE_OFFSET_BITS=64 -D_LARGEFILE_SOURCE -Wstrict-prototypes -Wredundant-decls -Wall -Wundef -Wendif-labels -Wwrite-strings -Wmissing-prototypes -fno-strict-aliasing -c -o /var/folders/Sl/Sl7UheK6FD8ZkmqdzI1HcE+++TM/-Tmp-//qebek-conf-19415-13437-15803.o /var/folders/Sl/Sl7UheK6FD8ZkmqdzI1HcE+++TM/-Tmp-//qebek-conf-17626-13437-31276.c
/var/folders/Sl/Sl7UheK6FD8ZkmqdzI1HcE+++TM/-Tmp-//qebek-conf-17626-13437-31276.c:2:2: error: #error Not defined
gcc -D_FORTIFY_SOURCE=2 -D_GNU_SOURCE -D_FILE_OFFSET_BITS=64 -D_LARGEFILE_SOURCE -Wstrict-prototypes -Wredundant-decls -Wall -Wundef -Wendif-labels -Wwrite-strings -Wmissing-prototypes -fno-strict-aliasing -c -o /var/folders/Sl/Sl7UheK6FD8ZkmqdzI1HcE+++TM/-Tmp-//qebek-conf-19415-13437-15803.o /var/folders/Sl/Sl7UheK6FD8ZkmqdzI1HcE+++TM/-Tmp-//qebek-conf-17626-13437-31276.c
gcc -D_FORTIFY_SOURCE=2 -D_GNU_SOURCE -D_FILE_OFFSET_BITS=64 -D_LARGEFILE_SOURCE -Wstrict-prototypes -Wredundant-decls -Wall -Wundef -Wendif-labels -Wwrite-strings -Wmissing-prototypes -fno-strict-aliasing -c -o /var/folders/Sl/Sl7UheK6FD8ZkmqdzI1HcE+++TM/-Tmp-//qebek-conf-19415-13437-15803.o /var/folders/Sl/Sl7UheK6FD8ZkmqdzI1HcE+++TM/-Tmp-//qebek-conf-17626-13437-31276.c
/var/folders/Sl/Sl7UheK6FD8ZkmqdzI1HcE+++TM/-Tmp-//qebek-conf-17626-13437-31276.c:2:2: error: #error Not defined
gcc -D_FORTIFY_SOURCE=2 -D_GNU_SOURCE -D_FILE_OFFSET_BITS=64 -D_LARGEFILE_SOURCE -Wstrict-prototypes -Wredundant-decls -Wall -Wundef -Wendif-labels -Wwrite-strings -Wmissing-prototypes -fno-strict-aliasing -c -o /var/folders/Sl/Sl7UheK6FD8ZkmqdzI1HcE+++TM/-Tmp-//qebek-conf-19415-13437-15803.o /var/folders/Sl/Sl7UheK6FD8ZkmqdzI1HcE+++TM/-Tmp-//qebek-conf-17626-13437-31276.c
/var/folders/Sl/Sl7UheK6FD8ZkmqdzI1HcE+++TM/-Tmp-//qebek-conf-17626-13437-31276.c:2:2: error: #error Not defined
gcc -D_FORTIFY_SOURCE=2 -D_GNU_SOURCE -D_FILE_OFFSET_BITS=64 -D_LARGEFILE_SOURCE -Wstrict-prototypes -Wredundant-decls -Wall -Wundef -Wendif-labels -Wwrite-strings -Wmissing-prototypes -fno-strict-aliasing -c -o /var/folders/Sl/Sl7UheK6FD8ZkmqdzI1HcE+++TM/-Tmp-//qebek-conf-19415-13437-15803.o /var/folders/Sl/Sl7UheK6FD8ZkmqdzI1HcE+++TM/-Tmp-//qebek-conf-17626-13437-31276.c
/var/folders/Sl/Sl7UheK6FD8ZkmqdzI1HcE+++TM/-Tmp-//qebek-conf-17626-13437-31276.c:2:2: error: #error Not defined
gcc -D_FORTIFY_SOURCE=2 -D_GNU_SOURCE -D_FILE_OFFSET_BITS=64 -D_LARGEFILE_SOURCE -Wstrict-prototypes -Wredundant-decls -Wall -Wundef -Wendif-labels -Wwrite-strings -Wmissing-prototypes -fno-strict-aliasing -c -o /var/folders/Sl/Sl7UheK6FD8ZkmqdzI1HcE+++TM/-Tmp-//qebek-conf-19415-13437-15803.o /var/folders/Sl/Sl7UheK6FD8ZkmqdzI1HcE+++TM/-Tmp-//qebek-conf-17626-13437-31276.c
/var/folders/Sl/Sl7UheK6FD8ZkmqdzI1HcE+++TM/-Tmp-//qebek-conf-17626-13437-31276.c:2:2: error: #error Not defined
gcc -D_FORTIFY_SOURCE=2 -D_GNU_SOURCE -D_FILE_OFFSET_BITS=64 -D_LARGEFILE_SOURCE -Wstrict-prototypes -Wredundant-decls -Wall -Wundef -Wendif-labels -Wwrite-strings -Wmissing-prototypes -fno-strict-aliasing -c -o /var/folders/Sl/Sl7UheK6FD8ZkmqdzI1HcE+++TM/-Tmp-//qebek-conf-19415-13437-15803.o /var/folders/Sl/Sl7UheK6FD8ZkmqdzI1HcE+++TM/-Tmp-//qebek-conf-17626-13437-31276.c
/var/folders/Sl/Sl7UheK6FD8ZkmqdzI1HcE+++TM/-Tmp-//qebek-conf-17626-13437-31276.c:2:2: error: #error Not defined
gcc -m64 -arch x86_64 -D_FORTIFY_SOURCE=2 -D_GNU_SOURCE -D_FILE_OFFSET_BITS=64 -D_LARGEFILE_SOURCE -Wstrict-prototypes -Wredundant-decls -Wall -Wundef -Wendif-labels -Wwrite-strings -Wmissing-prototypes -fno-strict-aliasing -c -o /var/folders/Sl/Sl7UheK6FD8ZkmqdzI1HcE+++TM/-Tmp-//qebek-conf-19415-13437-15803.o /var/folders/Sl/Sl7UheK6FD8ZkmqdzI1HcE+++TM/-Tmp-//qebek-conf-17626-13437-31276.c
/var/folders/Sl/Sl7UheK6FD8ZkmqdzI1HcE+++TM/-Tmp-//qebek-conf-17626-13437-31276.c: In function ‘main’:
/var/folders/Sl/Sl7UheK6FD8ZkmqdzI1HcE+++TM/-Tmp-//qebek-conf-17626-13437-31276.c:1: warning: control reaches end of non-void function
gcc -m64 -arch x86_64 -D_FORTIFY_SOURCE=2 -D_GNU_SOURCE -D_FILE_OFFSET_BITS=64 -D_LARGEFILE_SOURCE -Wstrict-prototypes -Wredundant-decls -Wall -Wundef -Wendif-labels -Wwrite-strings -Wmissing-prototypes -fno-strict-aliasing -Werror -m64 -arch x86_64 -D_FORTIFY_SOURCE=2 -D_GNU_SOURCE -D_FILE_OFFSET_BITS=64 -D_LARGEFILE_SOURCE -Wstrict-prototypes -Wredundant-decls -Wall -Wundef -Wendif-labels -Wwrite-strings -Wmissing-prototypes -fno-strict-aliasing -o /var/folders/Sl/Sl7UheK6FD8ZkmqdzI1HcE+++TM/-Tmp-//qebek-conf-21310-13437-21881.exe /var/folders/Sl/Sl7UheK6FD8ZkmqdzI1HcE+++TM/-Tmp-//qebek-conf-17626-13437-31276.c -m64 -framework CoreFoundation -framework IOKit -arch x86_64 -g -Werror -fstack-protector-all
gcc -m64 -arch x86_64 -D_FORTIFY_SOURCE=2 -D_GNU_SOURCE -D_FILE_OFFSET_BITS=64 -D_LARGEFILE_SOURCE -Wstrict-prototypes -Wredundant-decls -Wall -Wundef -Wendif-labels -Wwrite-strings -Wmissing-prototypes -fno-strict-aliasing -fstack-protector-all -Werror -m64 -arch x86_64 -D_FORTIFY_SOURCE=2 -D_GNU_SOURCE -D_FILE_OFFSET_BITS=64 -D_LARGEFILE_SOURCE -Wstrict-prototypes -Wredundant-decls -Wall -Wundef -Wendif-labels -Wwrite-strings -Wmissing-prototypes -fno-strict-aliasing -fstack-protector-all -o /var/folders/Sl/Sl7UheK6FD8ZkmqdzI1HcE+++TM/-Tmp-//qebek-conf-21310-13437-21881.exe /var/folders/Sl/Sl7UheK6FD8ZkmqdzI1HcE+++TM/-Tmp-//qebek-conf-17626-13437-31276.c -m64 -framework CoreFoundation -framework IOKit -arch x86_64 -g -Werror -Wmissing-include-dirs
gcc -m64 -arch x86_64 -D_FORTIFY_SOURCE=2 -D_GNU_SOURCE -D_FILE_OFFSET_BITS=64 -D_LARGEFILE_SOURCE -Wstrict-prototypes -Wredundant-decls -Wall -Wundef -Wendif-labels -Wwrite-strings -Wmissing-prototypes -fno-strict-aliasing -fstack-protector-all -Wmissing-include-dirs -Werror -m64 -arch x86_64 -D_FORTIFY_SOURCE=2 -D_GNU_SOURCE -D_FILE_OFFSET_BITS=64 -D_LARGEFILE_SOURCE -Wstrict-prototypes -Wredundant-decls -Wall -Wundef -Wendif-labels -Wwrite-strings -Wmissing-prototypes -fno-strict-aliasing -fstack-protector-all -Wmissing-include-dirs -o /var/folders/Sl/Sl7UheK6FD8ZkmqdzI1HcE+++TM/-Tmp-//qebek-conf-21310-13437-21881.exe /var/folders/Sl/Sl7UheK6FD8ZkmqdzI1HcE+++TM/-Tmp-//qebek-conf-17626-13437-31276.c -m64 -framework CoreFoundation -framework IOKit -arch x86_64 -g -Werror -Wempty-body
gcc -m64 -arch x86_64 -D_FORTIFY_SOURCE=2 -D_GNU_SOURCE -D_FILE_OFFSET_BITS=64 -D_LARGEFILE_SOURCE -Wstrict-prototypes -Wredundant-decls -Wall -Wundef -Wendif-labels -Wwrite-strings -Wmissing-prototypes -fno-strict-aliasing -fstack-protector-all -Wmissing-include-dirs -Wempty-body -Werror -m64 -arch x86_64 -D_FORTIFY_SOURCE=2 -D_GNU_SOURCE -D_FILE_OFFSET_BITS=64 -D_LARGEFILE_SOURCE -Wstrict-prototypes -Wredundant-decls -Wall -Wundef -Wendif-labels -Wwrite-strings -Wmissing-prototypes -fno-strict-aliasing -fstack-protector-all -Wmissing-include-dirs -Wempty-body -o /var/folders/Sl/Sl7UheK6FD8ZkmqdzI1HcE+++TM/-Tmp-//qebek-conf-21310-13437-21881.exe /var/folders/Sl/Sl7UheK6FD8ZkmqdzI1HcE+++TM/-Tmp-//qebek-conf-17626-13437-31276.c -m64 -framework CoreFoundation -framework IOKit -arch x86_64 -g -Werror -Wnested-externs
gcc -m64 -arch x86_64 -D_FORTIFY_SOURCE=2 -D_GNU_SOURCE -D_FILE_OFFSET_BITS=64 -D_LARGEFILE_SOURCE -Wstrict-prototypes -Wredundant-decls -Wall -Wundef -Wendif-labels -Wwrite-strings -Wmissing-prototypes -fno-strict-aliasing -fstack-protector-all -Wmissing-include-dirs -Wempty-body -Wnested-externs -Werror -m64 -arch x86_64 -D_FORTIFY_SOURCE=2 -D_GNU_SOURCE -D_FILE_OFFSET_BITS=64 -D_LARGEFILE_SOURCE -Wstrict-prototypes -Wredundant-decls -Wall -Wundef -Wendif-labels -Wwrite-strings -Wmissing-prototypes -fno-strict-aliasing -fstack-protector-all -Wmissing-include-dirs -Wempty-body -Wnested-externs -o /var/folders/Sl/Sl7UheK6FD8ZkmqdzI1HcE+++TM/-Tmp-//qebek-conf-21310-13437-21881.exe /var/folders/Sl/Sl7UheK6FD8ZkmqdzI1HcE+++TM/-Tmp-//qebek-conf-17626-13437-31276.c -m64 -framework CoreFoundation -framework IOKit -arch x86_64 -g -Werror -Wformat-security
gcc -m64 -arch x86_64 -D_FORTIFY_SOURCE=2 -D_GNU_SOURCE -D_FILE_OFFSET_BITS=64 -D_LARGEFILE_SOURCE -Wstrict-prototypes -Wredundant-decls -Wall -Wundef -Wendif-labels -Wwrite-strings -Wmissing-prototypes -fno-strict-aliasing -fstack-protector-all -Wmissing-include-dirs -Wempty-body -Wnested-externs -Wformat-security -Werror -m64 -arch x86_64 -D_FORTIFY_SOURCE=2 -D_GNU_SOURCE -D_FILE_OFFSET_BITS=64 -D_LARGEFILE_SOURCE -Wstrict-prototypes -Wredundant-decls -Wall -Wundef -Wendif-labels -Wwrite-strings -Wmissing-prototypes -fno-strict-aliasing -fstack-protector-all -Wmissing-include-dirs -Wempty-body -Wnested-externs -Wformat-security -o /var/folders/Sl/Sl7UheK6FD8ZkmqdzI1HcE+++TM/-Tmp-//qebek-conf-21310-13437-21881.exe /var/folders/Sl/Sl7UheK6FD8ZkmqdzI1HcE+++TM/-Tmp-//qebek-conf-17626-13437-31276.c -m64 -framework CoreFoundation -framework IOKit -arch x86_64 -g -Werror -Wformat-y2k
gcc -m64 -arch x86_64 -D_FORTIFY_SOURCE=2 -D_GNU_SOURCE -D_FILE_OFFSET_BITS=64 -D_LARGEFILE_SOURCE -Wstrict-prototypes -Wredundant-decls -Wall -Wundef -Wendif-labels -Wwrite-strings -Wmissing-prototypes -fno-strict-aliasing -fstack-protector-all -Wmissing-include-dirs -Wempty-body -Wnested-externs -Wformat-security -Wformat-y2k -Werror -m64 -arch x86_64 -D_FORTIFY_SOURCE=2 -D_GNU_SOURCE -D_FILE_OFFSET_BITS=64 -D_LARGEFILE_SOURCE -Wstrict-prototypes -Wredundant-decls -Wall -Wundef -Wendif-labels -Wwrite-strings -Wmissing-prototypes -fno-strict-aliasing -fstack-protector-all -Wmissing-include-dirs -Wempty-body -Wnested-externs -Wformat-security -Wformat-y2k -o /var/folders/Sl/Sl7UheK6FD8ZkmqdzI1HcE+++TM/-Tmp-//qebek-conf-21310-13437-21881.exe /var/folders/Sl/Sl7UheK6FD8ZkmqdzI1HcE+++TM/-Tmp-//qebek-conf-17626-13437-31276.c -m64 -framework CoreFoundation -framework IOKit -arch x86_64 -g -Werror -Winit-self
gcc -m64 -arch x86_64 -D_FORTIFY_SOURCE=2 -D_GNU_SOURCE -D_FILE_OFFSET_BITS=64 -D_LARGEFILE_SOURCE -Wstrict-prototypes -Wredundant-decls -Wall -Wundef -Wendif-labels -Wwrite-strings -Wmissing-prototypes -fno-strict-aliasing -fstack-protector-all -Wmissing-include-dirs -Wempty-body -Wnested-externs -Wformat-security -Wformat-y2k -Winit-self -Werror -m64 -arch x86_64 -D_FORTIFY_SOURCE=2 -D_GNU_SOURCE -D_FILE_OFFSET_BITS=64 -D_LARGEFILE_SOURCE -Wstrict-prototypes -Wredundant-decls -Wall -Wundef -Wendif-labels -Wwrite-strings -Wmissing-prototypes -fno-strict-aliasing -fstack-protector-all -Wmissing-include-dirs -Wempty-body -Wnested-externs -Wformat-security -Wformat-y2k -Winit-self -o /var/folders/Sl/Sl7UheK6FD8ZkmqdzI1HcE+++TM/-Tmp-//qebek-conf-21310-13437-21881.exe /var/folders/Sl/Sl7UheK6FD8ZkmqdzI1HcE+++TM/-Tmp-//qebek-conf-17626-13437-31276.c -m64 -framework CoreFoundation -framework IOKit -arch x86_64 -g -Werror -Wignored-qualifiers
cc1: error: unrecognized command line option "-Wignored-qualifiers"
gcc -m64 -arch x86_64 -D_FORTIFY_SOURCE=2 -D_GNU_SOURCE -D_FILE_OFFSET_BITS=64 -D_LARGEFILE_SOURCE -Wstrict-prototypes -Wredundant-decls -Wall -Wundef -Wendif-labels -Wwrite-strings -Wmissing-prototypes -fno-strict-aliasing -fstack-protector-all -Wmissing-include-dirs -Wempty-body -Wnested-externs -Wformat-security -Wformat-y2k -Winit-self -Werror -m64 -arch x86_64 -D_FORTIFY_SOURCE=2 -D_GNU_SOURCE -D_FILE_OFFSET_BITS=64 -D_LARGEFILE_SOURCE -Wstrict-prototypes -Wredundant-decls -Wall -Wundef -Wendif-labels -Wwrite-strings -Wmissing-prototypes -fno-strict-aliasing -fstack-protector-all -Wmissing-include-dirs -Wempty-body -Wnested-externs -Wformat-security -Wformat-y2k -Winit-self -o /var/folders/Sl/Sl7UheK6FD8ZkmqdzI1HcE+++TM/-Tmp-//qebek-conf-21310-13437-21881.exe /var/folders/Sl/Sl7UheK6FD8ZkmqdzI1HcE+++TM/-Tmp-//qebek-conf-17626-13437-31276.c -m64 -framework CoreFoundation -framework IOKit -arch x86_64 -g -Werror -Wold-style-declaration
cc1: error: unrecognized command line option "-Wold-style-declaration"
gcc -m64 -arch x86_64 -D_FORTIFY_SOURCE=2 -D_GNU_SOURCE -D_FILE_OFFSET_BITS=64 -D_LARGEFILE_SOURCE -Wstrict-prototypes -Wredundant-decls -Wall -Wundef -Wendif-labels -Wwrite-strings -Wmissing-prototypes -fno-strict-aliasing -fstack-protector-all -Wmissing-include-dirs -Wempty-body -Wnested-externs -Wformat-security -Wformat-y2k -Winit-self -Werror -m64 -arch x86_64 -D_FORTIFY_SOURCE=2 -D_GNU_SOURCE -D_FILE_OFFSET_BITS=64 -D_LARGEFILE_SOURCE -Wstrict-prototypes -Wredundant-decls -Wall -Wundef -Wendif-labels -Wwrite-strings -Wmissing-prototypes -fno-strict-aliasing -fstack-protector-all -Wmissing-include-dirs -Wempty-body -Wnested-externs -Wformat-security -Wformat-y2k -Winit-self -o /var/folders/Sl/Sl7UheK6FD8ZkmqdzI1HcE+++TM/-Tmp-//qebek-conf-21310-13437-21881.exe /var/folders/Sl/Sl7UheK6FD8ZkmqdzI1HcE+++TM/-Tmp-//qebek-conf-17626-13437-31276.c -m64 -framework CoreFoundation -framework IOKit -arch x86_64 -g -Werror -Wold-style-definition
gcc -m64 -arch x86_64 -D_FORTIFY_SOURCE=2 -D_GNU_SOURCE -D_FILE_OFFSET_BITS=64 -D_LARGEFILE_SOURCE -Wstrict-prototypes -Wredundant-decls -Wall -Wundef -Wendif-labels -Wwrite-strings -Wmissing-prototypes -fno-strict-aliasing -fstack-protector-all -Wmissing-include-dirs -Wempty-body -Wnested-externs -Wformat-security -Wformat-y2k -Winit-self -Wold-style-definition -Werror -m64 -arch x86_64 -D_FORTIFY_SOURCE=2 -D_GNU_SOURCE -D_FILE_OFFSET_BITS=64 -D_LARGEFILE_SOURCE -Wstrict-prototypes -Wredundant-decls -Wall -Wundef -Wendif-labels -Wwrite-strings -Wmissing-prototypes -fno-strict-aliasing -fstack-protector-all -Wmissing-include-dirs -Wempty-body -Wnested-externs -Wformat-security -Wformat-y2k -Winit-self -Wold-style-definition -o /var/folders/Sl/Sl7UheK6FD8ZkmqdzI1HcE+++TM/-Tmp-//qebek-conf-21310-13437-21881.exe /var/folders/Sl/Sl7UheK6FD8ZkmqdzI1HcE+++TM/-Tmp-//qebek-conf-17626-13437-31276.c -m64 -framework CoreFoundation -framework IOKit -arch x86_64 -g -Werror -Wtype-limits
cc1: error: unrecognized command line option "-Wtype-limits"
gcc -m64 -arch x86_64 -D_FORTIFY_SOURCE=2 -D_GNU_SOURCE -D_FILE_OFFSET_BITS=64 -D_LARGEFILE_SOURCE -Wstrict-prototypes -Wredundant-decls -Wall -Wundef -Wendif-labels -Wwrite-strings -Wmissing-prototypes -fno-strict-aliasing -fstack-protector-all -Wmissing-include-dirs -Wempty-body -Wnested-externs -Wformat-security -Wformat-y2k -Winit-self -Wold-style-definition -o /var/folders/Sl/Sl7UheK6FD8ZkmqdzI1HcE+++TM/-Tmp-//qebek-conf-21310-13437-21881.exe /var/folders/Sl/Sl7UheK6FD8ZkmqdzI1HcE+++TM/-Tmp-//qebek-conf-17626-13437-31276.c -m64 -framework CoreFoundation -framework IOKit -arch x86_64 -g
gcc -m64 -arch x86_64 -D_FORTIFY_SOURCE=2 -D_GNU_SOURCE -D_FILE_OFFSET_BITS=64 -D_LARGEFILE_SOURCE -Wstrict-prototypes -Wredundant-decls -Wall -Wundef -Wendif-labels -Wwrite-strings -Wmissing-prototypes -fno-strict-aliasing -fstack-protector-all -Wmissing-include-dirs -Wempty-body -Wnested-externs -Wformat-security -Wformat-y2k -Winit-self -Wold-style-definition -c -o /var/folders/Sl/Sl7UheK6FD8ZkmqdzI1HcE+++TM/-Tmp-//qebek-conf-19415-13437-15803.o /var/folders/Sl/Sl7UheK6FD8ZkmqdzI1HcE+++TM/-Tmp-//qebek-conf-17626-13437-31276.c
gcc -m64 -arch x86_64 -D_FORTIFY_SOURCE=2 -D_GNU_SOURCE -D_FILE_OFFSET_BITS=64 -D_LARGEFILE_SOURCE -Wstrict-prototypes -Wredundant-decls -Wall -Wundef -Wendif-labels -Wwrite-strings -Wmissing-prototypes -fno-strict-aliasing -fstack-protector-all -Wmissing-include-dirs -Wempty-body -Wnested-externs -Wformat-security -Wformat-y2k -Winit-self -Wold-style-definition -c -o /var/folders/Sl/Sl7UheK6FD8ZkmqdzI1HcE+++TM/-Tmp-//qebek-conf-19415-13437-15803.o /var/folders/Sl/Sl7UheK6FD8ZkmqdzI1HcE+++TM/-Tmp-//qebek-conf-17626-13437-31276.c
/var/folders/Sl/Sl7UheK6FD8ZkmqdzI1HcE+++TM/-Tmp-//qebek-conf-17626-13437-31276.c:2:25: error: linux/futex.h: No such file or directory
/var/folders/Sl/Sl7UheK6FD8ZkmqdzI1HcE+++TM/-Tmp-//qebek-conf-17626-13437-31276.c:4: warning: function declaration isn’t a prototype
/var/folders/Sl/Sl7UheK6FD8ZkmqdzI1HcE+++TM/-Tmp-//qebek-conf-17626-13437-31276.c: In function ‘foo’:
/var/folders/Sl/Sl7UheK6FD8ZkmqdzI1HcE+++TM/-Tmp-//qebek-conf-17626-13437-31276.c:4: warning: old-style function definition
/var/folders/Sl/Sl7UheK6FD8ZkmqdzI1HcE+++TM/-Tmp-//qebek-conf-17626-13437-31276.c:6:2: error: #error bork
gcc -m64 -arch x86_64 -D_FORTIFY_SOURCE=2 -D_GNU_SOURCE -D_FILE_OFFSET_BITS=64 -D_LARGEFILE_SOURCE -Wstrict-prototypes -Wredundant-decls -Wall -Wundef -Wendif-labels -Wwrite-strings -Wmissing-prototypes -fno-strict-aliasing -fstack-protector-all -Wmissing-include-dirs -Wempty-body -Wnested-externs -Wformat-security -Wformat-y2k -Winit-self -Wold-style-definition -o /var/folders/Sl/Sl7UheK6FD8ZkmqdzI1HcE+++TM/-Tmp-//qebek-conf-21310-13437-21881.exe /var/folders/Sl/Sl7UheK6FD8ZkmqdzI1HcE+++TM/-Tmp-//qebek-conf-17626-13437-31276.c -m64 -framework CoreFoundation -framework IOKit -arch x86_64 -g -lz
gcc -m64 -arch x86_64 -D_FORTIFY_SOURCE=2 -D_GNU_SOURCE -D_FILE_OFFSET_BITS=64 -D_LARGEFILE_SOURCE -Wstrict-prototypes -Wredundant-decls -Wall -Wundef -Wendif-labels -Wwrite-strings -Wmissing-prototypes -fno-strict-aliasing -fstack-protector-all -Wmissing-include-dirs -Wempty-body -Wnested-externs -Wformat-security -Wformat-y2k -Winit-self -Wold-style-definition -o /var/folders/Sl/Sl7UheK6FD8ZkmqdzI1HcE+++TM/-Tmp-//qebek-conf-21310-13437-21881.exe /var/folders/Sl/Sl7UheK6FD8ZkmqdzI1HcE+++TM/-Tmp-//qebek-conf-17626-13437-31276.c -m64 -framework CoreFoundation -framework IOKit -arch x86_64 -g -lxenstore -lxenctrl -lxenguest
/var/folders/Sl/Sl7UheK6FD8ZkmqdzI1HcE+++TM/-Tmp-//qebek-conf-17626-13437-31276.c:1:21: error: xenctrl.h: No such file or directory
/var/folders/Sl/Sl7UheK6FD8ZkmqdzI1HcE+++TM/-Tmp-//qebek-conf-17626-13437-31276.c:2:16: error: xs.h: No such file or directory
/var/folders/Sl/Sl7UheK6FD8ZkmqdzI1HcE+++TM/-Tmp-//qebek-conf-17626-13437-31276.c: In function ‘main’:
/var/folders/Sl/Sl7UheK6FD8ZkmqdzI1HcE+++TM/-Tmp-//qebek-conf-17626-13437-31276.c:3: warning: implicit declaration of function ‘xs_daemon_open’
/var/folders/Sl/Sl7UheK6FD8ZkmqdzI1HcE+++TM/-Tmp-//qebek-conf-17626-13437-31276.c:3: warning: nested extern declaration of ‘xs_daemon_open’
/var/folders/Sl/Sl7UheK6FD8ZkmqdzI1HcE+++TM/-Tmp-//qebek-conf-17626-13437-31276.c:3: warning: implicit declaration of function ‘xc_interface_open’
/var/folders/Sl/Sl7UheK6FD8ZkmqdzI1HcE+++TM/-Tmp-//qebek-conf-17626-13437-31276.c:3: warning: nested extern declaration of ‘xc_interface_open’
gcc -m64 -arch x86_64 -D_FORTIFY_SOURCE=2 -D_GNU_SOURCE -D_FILE_OFFSET_BITS=64 -D_LARGEFILE_SOURCE -Wstrict-prototypes -Wredundant-decls -Wall -Wundef -Wendif-labels -Wwrite-strings -Wmissing-prototypes -fno-strict-aliasing -fstack-protector-all -Wmissing-include-dirs -Wempty-body -Wnested-externs -Wformat-security -Wformat-y2k -Winit-self -Wold-style-definition -o /var/folders/Sl/Sl7UheK6FD8ZkmqdzI1HcE+++TM/-Tmp-//qebek-conf-21310-13437-21881.exe /var/folders/Sl/Sl7UheK6FD8ZkmqdzI1HcE+++TM/-Tmp-//qebek-conf-17626-13437-31276.c -m64 -framework CoreFoundation -framework IOKit -arch x86_64 -g
/var/folders/Sl/Sl7UheK6FD8ZkmqdzI1HcE+++TM/-Tmp-//qebek-conf-17626-13437-31276.c:1:27: error: gnutls/gnutls.h: No such file or directory
/var/folders/Sl/Sl7UheK6FD8ZkmqdzI1HcE+++TM/-Tmp-//qebek-conf-17626-13437-31276.c: In function ‘main’:
/var/folders/Sl/Sl7UheK6FD8ZkmqdzI1HcE+++TM/-Tmp-//qebek-conf-17626-13437-31276.c:2: error: ‘gnutls_session_t’ undeclared (first use in this function)
/var/folders/Sl/Sl7UheK6FD8ZkmqdzI1HcE+++TM/-Tmp-//qebek-conf-17626-13437-31276.c:2: error: (Each undeclared identifier is reported only once
/var/folders/Sl/Sl7UheK6FD8ZkmqdzI1HcE+++TM/-Tmp-//qebek-conf-17626-13437-31276.c:2: error: for each function it appears in.)
/var/folders/Sl/Sl7UheK6FD8ZkmqdzI1HcE+++TM/-Tmp-//qebek-conf-17626-13437-31276.c:2: error: expected ‘;’ before ‘s’
/var/folders/Sl/Sl7UheK6FD8ZkmqdzI1HcE+++TM/-Tmp-//qebek-conf-17626-13437-31276.c:2: warning: implicit declaration of function ‘gnutls_init’
/var/folders/Sl/Sl7UheK6FD8ZkmqdzI1HcE+++TM/-Tmp-//qebek-conf-17626-13437-31276.c:2: warning: nested extern declaration of ‘gnutls_init’
/var/folders/Sl/Sl7UheK6FD8ZkmqdzI1HcE+++TM/-Tmp-//qebek-conf-17626-13437-31276.c:2: error: ‘s’ undeclared (first use in this function)
/var/folders/Sl/Sl7UheK6FD8ZkmqdzI1HcE+++TM/-Tmp-//qebek-conf-17626-13437-31276.c:2: error: ‘GNUTLS_SERVER’ undeclared (first use in this function)
gcc -m64 -arch x86_64 -D_FORTIFY_SOURCE=2 -D_GNU_SOURCE -D_FILE_OFFSET_BITS=64 -D_LARGEFILE_SOURCE -Wstrict-prototypes -Wredundant-decls -Wall -Wundef -Wendif-labels -Wwrite-strings -Wmissing-prototypes -fno-strict-aliasing -fstack-protector-all -Wmissing-include-dirs -Wempty-body -Wnested-externs -Wformat-security -Wformat-y2k -Winit-self -Wold-style-definition -o /var/folders/Sl/Sl7UheK6FD8ZkmqdzI1HcE+++TM/-Tmp-//qebek-conf-21310-13437-21881.exe /var/folders/Sl/Sl7UheK6FD8ZkmqdzI1HcE+++TM/-Tmp-//qebek-conf-17626-13437-31276.c -m64 -framework CoreFoundation -framework IOKit -arch x86_64 -g -lsasl2
gcc -m64 -arch x86_64 -D_FORTIFY_SOURCE=2 -D_GNU_SOURCE -D_FILE_OFFSET_BITS=64 -D_LARGEFILE_SOURCE -Wstrict-prototypes -Wredundant-decls -Wall -Wundef -Wendif-labels -Wwrite-strings -Wmissing-prototypes -fno-strict-aliasing -fstack-protector-all -Wmissing-include-dirs -Wempty-body -Wnested-externs -Wformat-security -Wformat-y2k -Winit-self -Wold-style-definition -o /var/folders/Sl/Sl7UheK6FD8ZkmqdzI1HcE+++TM/-Tmp-//qebek-conf-21310-13437-21881.exe /var/folders/Sl/Sl7UheK6FD8ZkmqdzI1HcE+++TM/-Tmp-//qebek-conf-17626-13437-31276.c -m64 -framework CoreFoundation -framework IOKit -arch x86_64 -g -ljpeg
/var/folders/Sl/Sl7UheK6FD8ZkmqdzI1HcE+++TM/-Tmp-//qebek-conf-17626-13437-31276.c:2:21: error: jpeglib.h: No such file or directory
/var/folders/Sl/Sl7UheK6FD8ZkmqdzI1HcE+++TM/-Tmp-//qebek-conf-17626-13437-31276.c: In function ‘main’:
/var/folders/Sl/Sl7UheK6FD8ZkmqdzI1HcE+++TM/-Tmp-//qebek-conf-17626-13437-31276.c:3: error: storage size of ‘s’ isn’t known
/var/folders/Sl/Sl7UheK6FD8ZkmqdzI1HcE+++TM/-Tmp-//qebek-conf-17626-13437-31276.c:3: warning: implicit declaration of function ‘jpeg_create_compress’
/var/folders/Sl/Sl7UheK6FD8ZkmqdzI1HcE+++TM/-Tmp-//qebek-conf-17626-13437-31276.c:3: warning: nested extern declaration of ‘jpeg_create_compress’
/var/folders/Sl/Sl7UheK6FD8ZkmqdzI1HcE+++TM/-Tmp-//qebek-conf-17626-13437-31276.c:3: warning: unused variable ‘s’
gcc -m64 -arch x86_64 -D_FORTIFY_SOURCE=2 -D_GNU_SOURCE -D_FILE_OFFSET_BITS=64 -D_LARGEFILE_SOURCE -Wstrict-prototypes -Wredundant-decls -Wall -Wundef -Wendif-labels -Wwrite-strings -Wmissing-prototypes -fno-strict-aliasing -fstack-protector-all -Wmissing-include-dirs -Wempty-body -Wnested-externs -Wformat-security -Wformat-y2k -Winit-self -Wold-style-definition -o /var/folders/Sl/Sl7UheK6FD8ZkmqdzI1HcE+++TM/-Tmp-//qebek-conf-21310-13437-21881.exe /var/folders/Sl/Sl7UheK6FD8ZkmqdzI1HcE+++TM/-Tmp-//qebek-conf-17626-13437-31276.c -m64 -framework CoreFoundation -framework IOKit -arch x86_64 -g -lpng
/var/folders/Sl/Sl7UheK6FD8ZkmqdzI1HcE+++TM/-Tmp-//qebek-conf-17626-13437-31276.c:2:17: error: png.h: No such file or directory
/var/folders/Sl/Sl7UheK6FD8ZkmqdzI1HcE+++TM/-Tmp-//qebek-conf-17626-13437-31276.c: In function ‘main’:
/var/folders/Sl/Sl7UheK6FD8ZkmqdzI1HcE+++TM/-Tmp-//qebek-conf-17626-13437-31276.c:5: error: ‘png_structp’ undeclared (first use in this function)
/var/folders/Sl/Sl7UheK6FD8ZkmqdzI1HcE+++TM/-Tmp-//qebek-conf-17626-13437-31276.c:5: error: (Each undeclared identifier is reported only once
/var/folders/Sl/Sl7UheK6FD8ZkmqdzI1HcE+++TM/-Tmp-//qebek-conf-17626-13437-31276.c:5: error: for each function it appears in.)
/var/folders/Sl/Sl7UheK6FD8ZkmqdzI1HcE+++TM/-Tmp-//qebek-conf-17626-13437-31276.c:5: error: expected ‘;’ before ‘png_ptr’
/var/folders/Sl/Sl7UheK6FD8ZkmqdzI1HcE+++TM/-Tmp-//qebek-conf-17626-13437-31276.c:6: error: ‘png_ptr’ undeclared (first use in this function)
/var/folders/Sl/Sl7UheK6FD8ZkmqdzI1HcE+++TM/-Tmp-//qebek-conf-17626-13437-31276.c:6: warning: implicit declaration of function ‘png_create_write_struct’
/var/folders/Sl/Sl7UheK6FD8ZkmqdzI1HcE+++TM/-Tmp-//qebek-conf-17626-13437-31276.c:6: warning: nested extern declaration of ‘png_create_write_struct’
/var/folders/Sl/Sl7UheK6FD8ZkmqdzI1HcE+++TM/-Tmp-//qebek-conf-17626-13437-31276.c:6: error: ‘PNG_LIBPNG_VER_STRING’ undeclared (first use in this function)
gcc -m64 -arch x86_64 -D_FORTIFY_SOURCE=2 -D_GNU_SOURCE -D_FILE_OFFSET_BITS=64 -D_LARGEFILE_SOURCE -Wstrict-prototypes -Wredundant-decls -Wall -Wundef -Wendif-labels -Wwrite-strings -Wmissing-prototypes -fno-strict-aliasing -fstack-protector-all -Wmissing-include-dirs -Wempty-body -Wnested-externs -Wformat-security -Wformat-y2k -Winit-self -Wold-style-definition -o /var/folders/Sl/Sl7UheK6FD8ZkmqdzI1HcE+++TM/-Tmp-//qebek-conf-21310-13437-21881.exe /var/folders/Sl/Sl7UheK6FD8ZkmqdzI1HcE+++TM/-Tmp-//qebek-conf-17626-13437-31276.c -m64 -framework CoreFoundation -framework IOKit -arch x86_64 -g
gcc -m64 -arch x86_64 -D_FORTIFY_SOURCE=2 -D_GNU_SOURCE -D_FILE_OFFSET_BITS=64 -D_LARGEFILE_SOURCE -Wstrict-prototypes -Wredundant-decls -Wall -Wundef -Wendif-labels -Wwrite-strings -Wmissing-prototypes -fno-strict-aliasing -fstack-protector-all -Wmissing-include-dirs -Wempty-body -Wnested-externs -Wformat-security -Wformat-y2k -Winit-self -Wold-style-definition -o /var/folders/Sl/Sl7UheK6FD8ZkmqdzI1HcE+++TM/-Tmp-//qebek-conf-21310-13437-21881.exe /var/folders/Sl/Sl7UheK6FD8ZkmqdzI1HcE+++TM/-Tmp-//qebek-conf-17626-13437-31276.c -m64 -framework CoreFoundation -framework IOKit -arch x86_64 -g -luuid
ld: library not found for -luuid
collect2: ld returned 1 exit status
gcc -m64 -arch x86_64 -D_FORTIFY_SOURCE=2 -D_GNU_SOURCE -D_FILE_OFFSET_BITS=64 -D_LARGEFILE_SOURCE -Wstrict-prototypes -Wredundant-decls -Wall -Wundef -Wendif-labels -Wwrite-strings -Wmissing-prototypes -fno-strict-aliasing -fstack-protector-all -Wmissing-include-dirs -Wempty-body -Wnested-externs -Wformat-security -Wformat-y2k -Winit-self -Wold-style-definition -o /var/folders/Sl/Sl7UheK6FD8ZkmqdzI1HcE+++TM/-Tmp-//qebek-conf-21310-13437-21881.exe /var/folders/Sl/Sl7UheK6FD8ZkmqdzI1HcE+++TM/-Tmp-//qebek-conf-17626-13437-31276.c -m64 -framework CoreFoundation -framework IOKit -arch x86_64 -g
/var/folders/Sl/Sl7UheK6FD8ZkmqdzI1HcE+++TM/-Tmp-//qebek-conf-17626-13437-31276.c:1:21: error: xfs/xfs.h: No such file or directory
/var/folders/Sl/Sl7UheK6FD8ZkmqdzI1HcE+++TM/-Tmp-//qebek-conf-17626-13437-31276.c: In function ‘main’:
/var/folders/Sl/Sl7UheK6FD8ZkmqdzI1HcE+++TM/-Tmp-//qebek-conf-17626-13437-31276.c:4: warning: implicit declaration of function ‘xfsctl’
/var/folders/Sl/Sl7UheK6FD8ZkmqdzI1HcE+++TM/-Tmp-//qebek-conf-17626-13437-31276.c:4: warning: nested extern declaration of ‘xfsctl’
/var/folders/Sl/Sl7UheK6FD8ZkmqdzI1HcE+++TM/-Tmp-//qebek-conf-17626-13437-31276.c:4: error: ‘NULL’ undeclared (first use in this function)
/var/folders/Sl/Sl7UheK6FD8ZkmqdzI1HcE+++TM/-Tmp-//qebek-conf-17626-13437-31276.c:4: error: (Each undeclared identifier is reported only once
/var/folders/Sl/Sl7UheK6FD8ZkmqdzI1HcE+++TM/-Tmp-//qebek-conf-17626-13437-31276.c:4: error: for each function it appears in.)
gcc -m64 -arch x86_64 -D_FORTIFY_SOURCE=2 -D_GNU_SOURCE -D_FILE_OFFSET_BITS=64 -D_LARGEFILE_SOURCE -Wstrict-prototypes -Wredundant-decls -Wall -Wundef -Wendif-labels -Wwrite-strings -Wmissing-prototypes -fno-strict-aliasing -fstack-protector-all -Wmissing-include-dirs -Wempty-body -Wnested-externs -Wformat-security -Wformat-y2k -Winit-self -Wold-style-definition -o /var/folders/Sl/Sl7UheK6FD8ZkmqdzI1HcE+++TM/-Tmp-//qebek-conf-21310-13437-21881.exe /var/folders/Sl/Sl7UheK6FD8ZkmqdzI1HcE+++TM/-Tmp-//qebek-conf-17626-13437-31276.c -m64 -framework CoreFoundation -framework IOKit -arch x86_64 -g -lvdeplug
/var/folders/Sl/Sl7UheK6FD8ZkmqdzI1HcE+++TM/-Tmp-//qebek-conf-17626-13437-31276.c:1:24: error: libvdeplug.h: No such file or directory
/var/folders/Sl/Sl7UheK6FD8ZkmqdzI1HcE+++TM/-Tmp-//qebek-conf-17626-13437-31276.c: In function ‘main’:
/var/folders/Sl/Sl7UheK6FD8ZkmqdzI1HcE+++TM/-Tmp-//qebek-conf-17626-13437-31276.c:4: error: variable ‘a’ has initializer but incomplete type
/var/folders/Sl/Sl7UheK6FD8ZkmqdzI1HcE+++TM/-Tmp-//qebek-conf-17626-13437-31276.c:4: warning: excess elements in struct initializer
/var/folders/Sl/Sl7UheK6FD8ZkmqdzI1HcE+++TM/-Tmp-//qebek-conf-17626-13437-31276.c:4: warning: (near initialization for ‘a’)
/var/folders/Sl/Sl7UheK6FD8ZkmqdzI1HcE+++TM/-Tmp-//qebek-conf-17626-13437-31276.c:4: warning: excess elements in struct initializer
/var/folders/Sl/Sl7UheK6FD8ZkmqdzI1HcE+++TM/-Tmp-//qebek-conf-17626-13437-31276.c:4: warning: (near initialization for ‘a’)
/var/folders/Sl/Sl7UheK6FD8ZkmqdzI1HcE+++TM/-Tmp-//qebek-conf-17626-13437-31276.c:4: warning: excess elements in struct initializer
/var/folders/Sl/Sl7UheK6FD8ZkmqdzI1HcE+++TM/-Tmp-//qebek-conf-17626-13437-31276.c:4: warning: (near initialization for ‘a’)
/var/folders/Sl/Sl7UheK6FD8ZkmqdzI1HcE+++TM/-Tmp-//qebek-conf-17626-13437-31276.c:4: error: storage size of ‘a’ isn’t known
/var/folders/Sl/Sl7UheK6FD8ZkmqdzI1HcE+++TM/-Tmp-//qebek-conf-17626-13437-31276.c:5: warning: implicit declaration of function ‘vde_open’
/var/folders/Sl/Sl7UheK6FD8ZkmqdzI1HcE+++TM/-Tmp-//qebek-conf-17626-13437-31276.c:5: warning: nested extern declaration of ‘vde_open’
/var/folders/Sl/Sl7UheK6FD8ZkmqdzI1HcE+++TM/-Tmp-//qebek-conf-17626-13437-31276.c:4: warning: unused variable ‘a’
gcc -m64 -arch x86_64 -D_FORTIFY_SOURCE=2 -D_GNU_SOURCE -D_FILE_OFFSET_BITS=64 -D_LARGEFILE_SOURCE -Wstrict-prototypes -Wredundant-decls -Wall -Wundef -Wendif-labels -Wwrite-strings -Wmissing-prototypes -fno-strict-aliasing -fstack-protector-all -Wmissing-include-dirs -Wempty-body -Wnested-externs -Wformat-security -Wformat-y2k -Winit-self -Wold-style-definition -o /var/folders/Sl/Sl7UheK6FD8ZkmqdzI1HcE+++TM/-Tmp-//qebek-conf-21310-13437-21881.exe /var/folders/Sl/Sl7UheK6FD8ZkmqdzI1HcE+++TM/-Tmp-//qebek-conf-17626-13437-31276.c -m64 -framework CoreFoundation -framework IOKit -arch x86_64 -g -lbrlapi
/var/folders/Sl/Sl7UheK6FD8ZkmqdzI1HcE+++TM/-Tmp-//qebek-conf-17626-13437-31276.c:1:20: error: brlapi.h: No such file or directory
/var/folders/Sl/Sl7UheK6FD8ZkmqdzI1HcE+++TM/-Tmp-//qebek-conf-17626-13437-31276.c: In function ‘main’:
/var/folders/Sl/Sl7UheK6FD8ZkmqdzI1HcE+++TM/-Tmp-//qebek-conf-17626-13437-31276.c:3: warning: implicit declaration of function ‘brlapi__openConnection’
/var/folders/Sl/Sl7UheK6FD8ZkmqdzI1HcE+++TM/-Tmp-//qebek-conf-17626-13437-31276.c:3: warning: nested extern declaration of ‘brlapi__openConnection’
gcc -m64 -arch x86_64 -D_FORTIFY_SOURCE=2 -D_GNU_SOURCE -D_FILE_OFFSET_BITS=64 -D_LARGEFILE_SOURCE -Wstrict-prototypes -Wredundant-decls -Wall -Wundef -Wendif-labels -Wwrite-strings -Wmissing-prototypes -fno-strict-aliasing -fstack-protector-all -Wmissing-include-dirs -Wempty-body -Wnested-externs -Wformat-security -Wformat-y2k -Winit-self -Wold-style-definition -o /var/folders/Sl/Sl7UheK6FD8ZkmqdzI1HcE+++TM/-Tmp-//qebek-conf-21310-13437-21881.exe /var/folders/Sl/Sl7UheK6FD8ZkmqdzI1HcE+++TM/-Tmp-//qebek-conf-17626-13437-31276.c -m64 -framework CoreFoundation -framework IOKit -arch x86_64 -g -lncurses
/var/folders/Sl/Sl7UheK6FD8ZkmqdzI1HcE+++TM/-Tmp-//qebek-conf-17626-13437-31276.c: In function ‘main’:
/var/folders/Sl/Sl7UheK6FD8ZkmqdzI1HcE+++TM/-Tmp-//qebek-conf-17626-13437-31276.c:5: warning: return makes integer from pointer without a cast
gcc -m64 -arch x86_64 -D_FORTIFY_SOURCE=2 -D_GNU_SOURCE -D_FILE_OFFSET_BITS=64 -D_LARGEFILE_SOURCE -Wstrict-prototypes -Wredundant-decls -Wall -Wundef -Wendif-labels -Wwrite-strings -Wmissing-prototypes -fno-strict-aliasing -fstack-protector-all -Wmissing-include-dirs -Wempty-body -Wnested-externs -Wformat-security -Wformat-y2k -Winit-self -Wold-style-definition -I/opt/local/include -o /var/folders/Sl/Sl7UheK6FD8ZkmqdzI1HcE+++TM/-Tmp-//qebek-conf-21310-13437-21881.exe /var/folders/Sl/Sl7UheK6FD8ZkmqdzI1HcE+++TM/-Tmp-//qebek-conf-17626-13437-31276.c -m64 -framework CoreFoundation -framework IOKit -arch x86_64 -g -L/opt/local/lib -lcurl
/var/folders/Sl/Sl7UheK6FD8ZkmqdzI1HcE+++TM/-Tmp-//qebek-conf-17626-13437-31276.c: In function ‘main’:
/var/folders/Sl/Sl7UheK6FD8ZkmqdzI1HcE+++TM/-Tmp-//qebek-conf-17626-13437-31276.c:2: warning: return makes integer from pointer without a cast
gcc -m64 -arch x86_64 -D_FORTIFY_SOURCE=2 -D_GNU_SOURCE -D_FILE_OFFSET_BITS=64 -D_LARGEFILE_SOURCE -Wstrict-prototypes -Wredundant-decls -Wall -Wundef -Wendif-labels -Wwrite-strings -Wmissing-prototypes -fno-strict-aliasing -fstack-protector-all -Wmissing-include-dirs -Wempty-body -Wnested-externs -Wformat-security -Wformat-y2k -Winit-self -Wold-style-definition -o /var/folders/Sl/Sl7UheK6FD8ZkmqdzI1HcE+++TM/-Tmp-//qebek-conf-21310-13437-21881.exe /var/folders/Sl/Sl7UheK6FD8ZkmqdzI1HcE+++TM/-Tmp-//qebek-conf-17626-13437-31276.c -m64 -framework CoreFoundation -framework IOKit -arch x86_64 -g
/var/folders/Sl/Sl7UheK6FD8ZkmqdzI1HcE+++TM/-Tmp-//qebek-conf-17626-13437-31276.c:1:33: error: bluetooth/bluetooth.h: No such file or directory
/var/folders/Sl/Sl7UheK6FD8ZkmqdzI1HcE+++TM/-Tmp-//qebek-conf-17626-13437-31276.c: In function ‘main’:
/var/folders/Sl/Sl7UheK6FD8ZkmqdzI1HcE+++TM/-Tmp-//qebek-conf-17626-13437-31276.c:2: warning: implicit declaration of function ‘bt_error’
/var/folders/Sl/Sl7UheK6FD8ZkmqdzI1HcE+++TM/-Tmp-//qebek-conf-17626-13437-31276.c:2: warning: nested extern declaration of ‘bt_error’
gcc -m64 -arch x86_64 -D_FORTIFY_SOURCE=2 -D_GNU_SOURCE -D_FILE_OFFSET_BITS=64 -D_LARGEFILE_SOURCE -Wstrict-prototypes -Wredundant-decls -Wall -Wundef -Wendif-labels -Wwrite-strings -Wmissing-prototypes -fno-strict-aliasing -fstack-protector-all -Wmissing-include-dirs -Wempty-body -Wnested-externs -Wformat-security -Wformat-y2k -Winit-self -Wold-style-definition -o /var/folders/Sl/Sl7UheK6FD8ZkmqdzI1HcE+++TM/-Tmp-//qebek-conf-21310-13437-21881.exe /var/folders/Sl/Sl7UheK6FD8ZkmqdzI1HcE+++TM/-Tmp-//qebek-conf-17626-13437-31276.c -m64 -framework CoreFoundation -framework IOKit -arch x86_64 -g
/var/folders/Sl/Sl7UheK6FD8ZkmqdzI1HcE+++TM/-Tmp-//qebek-conf-17626-13437-31276.c:1:23: error: linux/kvm.h: No such file or directory
/var/folders/Sl/Sl7UheK6FD8ZkmqdzI1HcE+++TM/-Tmp-//qebek-conf-17626-13437-31276.c:3:2: error: #error Invalid KVM version
/var/folders/Sl/Sl7UheK6FD8ZkmqdzI1HcE+++TM/-Tmp-//qebek-conf-17626-13437-31276.c:6:2: error: #error Missing KVM capability KVM_CAP_SET_TSS_ADDR
/var/folders/Sl/Sl7UheK6FD8ZkmqdzI1HcE+++TM/-Tmp-//qebek-conf-17626-13437-31276.c:9:2: error: #error Missing KVM capability KVM_CAP_EXT_CPUID
/var/folders/Sl/Sl7UheK6FD8ZkmqdzI1HcE+++TM/-Tmp-//qebek-conf-17626-13437-31276.c:12:2: error: #error Missing KVM capability KVM_CAP_CLOCKSOURCE
/var/folders/Sl/Sl7UheK6FD8ZkmqdzI1HcE+++TM/-Tmp-//qebek-conf-17626-13437-31276.c:15:2: error: #error Missing KVM capability KVM_CAP_NOP_IO_DELAY
/var/folders/Sl/Sl7UheK6FD8ZkmqdzI1HcE+++TM/-Tmp-//qebek-conf-17626-13437-31276.c:18:2: error: #error Missing KVM capability KVM_CAP_PV_MMU
/var/folders/Sl/Sl7UheK6FD8ZkmqdzI1HcE+++TM/-Tmp-//qebek-conf-17626-13437-31276.c:21:2: error: #error Missing KVM capability KVM_CAP_MP_STATE
/var/folders/Sl/Sl7UheK6FD8ZkmqdzI1HcE+++TM/-Tmp-//qebek-conf-17626-13437-31276.c:24:2: error: #error Missing KVM capability KVM_CAP_USER_NMI
gcc -m64 -arch x86_64 -D_FORTIFY_SOURCE=2 -D_GNU_SOURCE -D_FILE_OFFSET_BITS=64 -D_LARGEFILE_SOURCE -Wstrict-prototypes -Wredundant-decls -Wall -Wundef -Wendif-labels -Wwrite-strings -Wmissing-prototypes -fno-strict-aliasing -fstack-protector-all -Wmissing-include-dirs -Wempty-body -Wnested-externs -Wformat-security -Wformat-y2k -Winit-self -Wold-style-definition -o /var/folders/Sl/Sl7UheK6FD8ZkmqdzI1HcE+++TM/-Tmp-//qebek-conf-21310-13437-21881.exe /var/folders/Sl/Sl7UheK6FD8ZkmqdzI1HcE+++TM/-Tmp-//qebek-conf-17626-13437-31276.c -m64 -framework CoreFoundation -framework IOKit -arch x86_64 -g
gcc -m64 -arch x86_64 -D_FORTIFY_SOURCE=2 -D_GNU_SOURCE -D_FILE_OFFSET_BITS=64 -D_LARGEFILE_SOURCE -Wstrict-prototypes -Wredundant-decls -Wall -Wundef -Wendif-labels -Wwrite-strings -Wmissing-prototypes -fno-strict-aliasing -fstack-protector-all -Wmissing-include-dirs -Wempty-body -Wnested-externs -Wformat-security -Wformat-y2k -Winit-self -Wold-style-definition -o /var/folders/Sl/Sl7UheK6FD8ZkmqdzI1HcE+++TM/-Tmp-//qebek-conf-21310-13437-21881.exe /var/folders/Sl/Sl7UheK6FD8ZkmqdzI1HcE+++TM/-Tmp-//qebek-conf-17626-13437-31276.c -m64 -framework CoreFoundation -framework IOKit -arch x86_64 -g -lrados -lcrypto
/var/folders/Sl/Sl7UheK6FD8ZkmqdzI1HcE+++TM/-Tmp-//qebek-conf-17626-13437-31276.c:2:28: error: rados/librados.h: No such file or directory
/var/folders/Sl/Sl7UheK6FD8ZkmqdzI1HcE+++TM/-Tmp-//qebek-conf-17626-13437-31276.c: In function ‘main’:
/var/folders/Sl/Sl7UheK6FD8ZkmqdzI1HcE+++TM/-Tmp-//qebek-conf-17626-13437-31276.c:3: warning: implicit declaration of function ‘rados_initialize’
/var/folders/Sl/Sl7UheK6FD8ZkmqdzI1HcE+++TM/-Tmp-//qebek-conf-17626-13437-31276.c:3: warning: nested extern declaration of ‘rados_initialize’
gcc -m64 -arch x86_64 -D_FORTIFY_SOURCE=2 -D_GNU_SOURCE -D_FILE_OFFSET_BITS=64 -D_LARGEFILE_SOURCE -Wstrict-prototypes -Wredundant-decls -Wall -Wundef -Wendif-labels -Wwrite-strings -Wmissing-prototypes -fno-strict-aliasing -fstack-protector-all -Wmissing-include-dirs -Wempty-body -Wnested-externs -Wformat-security -Wformat-y2k -Winit-self -Wold-style-definition -o /var/folders/Sl/Sl7UheK6FD8ZkmqdzI1HcE+++TM/-Tmp-//qebek-conf-21310-13437-21881.exe /var/folders/Sl/Sl7UheK6FD8ZkmqdzI1HcE+++TM/-Tmp-//qebek-conf-17626-13437-31276.c -m64 -framework CoreFoundation -framework IOKit -arch x86_64 -g -laio
/var/folders/Sl/Sl7UheK6FD8ZkmqdzI1HcE+++TM/-Tmp-//qebek-conf-17626-13437-31276.c:1:20: error: libaio.h: No such file or directory
/var/folders/Sl/Sl7UheK6FD8ZkmqdzI1HcE+++TM/-Tmp-//qebek-conf-17626-13437-31276.c:2:25: error: sys/eventfd.h: No such file or directory
/var/folders/Sl/Sl7UheK6FD8ZkmqdzI1HcE+++TM/-Tmp-//qebek-conf-17626-13437-31276.c: In function ‘main’:
/var/folders/Sl/Sl7UheK6FD8ZkmqdzI1HcE+++TM/-Tmp-//qebek-conf-17626-13437-31276.c:4: warning: implicit declaration of function ‘io_setup’
/var/folders/Sl/Sl7UheK6FD8ZkmqdzI1HcE+++TM/-Tmp-//qebek-conf-17626-13437-31276.c:4: warning: nested extern declaration of ‘io_setup’
/var/folders/Sl/Sl7UheK6FD8ZkmqdzI1HcE+++TM/-Tmp-//qebek-conf-17626-13437-31276.c:4: warning: implicit declaration of function ‘io_set_eventfd’
/var/folders/Sl/Sl7UheK6FD8ZkmqdzI1HcE+++TM/-Tmp-//qebek-conf-17626-13437-31276.c:4: warning: nested extern declaration of ‘io_set_eventfd’
/var/folders/Sl/Sl7UheK6FD8ZkmqdzI1HcE+++TM/-Tmp-//qebek-conf-17626-13437-31276.c:4: warning: implicit declaration of function ‘eventfd’
/var/folders/Sl/Sl7UheK6FD8ZkmqdzI1HcE+++TM/-Tmp-//qebek-conf-17626-13437-31276.c:4: warning: nested extern declaration of ‘eventfd’
gcc -m64 -arch x86_64 -D_FORTIFY_SOURCE=2 -D_GNU_SOURCE -D_FILE_OFFSET_BITS=64 -D_LARGEFILE_SOURCE -Wstrict-prototypes -Wredundant-decls -Wall -Wundef -Wendif-labels -Wwrite-strings -Wmissing-prototypes -fno-strict-aliasing -fstack-protector-all -Wmissing-include-dirs -Wempty-body -Wnested-externs -Wformat-security -Wformat-y2k -Winit-self -Wold-style-definition -o /var/folders/Sl/Sl7UheK6FD8ZkmqdzI1HcE+++TM/-Tmp-//qebek-conf-21310-13437-21881.exe /var/folders/Sl/Sl7UheK6FD8ZkmqdzI1HcE+++TM/-Tmp-//qebek-conf-17626-13437-31276.c -m64 -framework CoreFoundation -framework IOKit -arch x86_64 -g -lattr
/var/folders/Sl/Sl7UheK6FD8ZkmqdzI1HcE+++TM/-Tmp-//qebek-conf-17626-13437-31276.c:3:24: error: attr/xattr.h: No such file or directory
/var/folders/Sl/Sl7UheK6FD8ZkmqdzI1HcE+++TM/-Tmp-//qebek-conf-17626-13437-31276.c: In function ‘main’:
/var/folders/Sl/Sl7UheK6FD8ZkmqdzI1HcE+++TM/-Tmp-//qebek-conf-17626-13437-31276.c:4: warning: implicit declaration of function ‘getxattr’
/var/folders/Sl/Sl7UheK6FD8ZkmqdzI1HcE+++TM/-Tmp-//qebek-conf-17626-13437-31276.c:4: warning: nested extern declaration of ‘getxattr’
/var/folders/Sl/Sl7UheK6FD8ZkmqdzI1HcE+++TM/-Tmp-//qebek-conf-17626-13437-31276.c:4: warning: implicit declaration of function ‘setxattr’
/var/folders/Sl/Sl7UheK6FD8ZkmqdzI1HcE+++TM/-Tmp-//qebek-conf-17626-13437-31276.c:4: warning: nested extern declaration of ‘setxattr’
gcc -m64 -arch x86_64 -D_FORTIFY_SOURCE=2 -D_GNU_SOURCE -D_FILE_OFFSET_BITS=64 -D_LARGEFILE_SOURCE -Wstrict-prototypes -Wredundant-decls -Wall -Wundef -Wendif-labels -Wwrite-strings -Wmissing-prototypes -fno-strict-aliasing -fstack-protector-all -Wmissing-include-dirs -Wempty-body -Wnested-externs -Wformat-security -Wformat-y2k -Winit-self -Wold-style-definition -o /var/folders/Sl/Sl7UheK6FD8ZkmqdzI1HcE+++TM/-Tmp-//qebek-conf-21310-13437-21881.exe /var/folders/Sl/Sl7UheK6FD8ZkmqdzI1HcE+++TM/-Tmp-//qebek-conf-17626-13437-31276.c -m64 -framework CoreFoundation -framework IOKit -arch x86_64 -g
/var/folders/Sl/Sl7UheK6FD8ZkmqdzI1HcE+++TM/-Tmp-//qebek-conf-17626-13437-31276.c: In function ‘main’:
/var/folders/Sl/Sl7UheK6FD8ZkmqdzI1HcE+++TM/-Tmp-//qebek-conf-17626-13437-31276.c:4: warning: unused variable ‘iov’
gcc -m64 -arch x86_64 -D_FORTIFY_SOURCE=2 -D_GNU_SOURCE -D_FILE_OFFSET_BITS=64 -D_LARGEFILE_SOURCE -Wstrict-prototypes -Wredundant-decls -Wall -Wundef -Wendif-labels -Wwrite-strings -Wmissing-prototypes -fno-strict-aliasing -fstack-protector-all -Wmissing-include-dirs -Wempty-body -Wnested-externs -Wformat-security -Wformat-y2k -Winit-self -Wold-style-definition -o /var/folders/Sl/Sl7UheK6FD8ZkmqdzI1HcE+++TM/-Tmp-//qebek-conf-21310-13437-21881.exe /var/folders/Sl/Sl7UheK6FD8ZkmqdzI1HcE+++TM/-Tmp-//qebek-conf-17626-13437-31276.c -m64 -framework CoreFoundation -framework IOKit -arch x86_64 -g
/var/folders/Sl/Sl7UheK6FD8ZkmqdzI1HcE+++TM/-Tmp-//qebek-conf-17626-13437-31276.c: In function ‘main’:
/var/folders/Sl/Sl7UheK6FD8ZkmqdzI1HcE+++TM/-Tmp-//qebek-conf-17626-13437-31276.c:4: error: ‘preadv’ undeclared (first use in this function)
/var/folders/Sl/Sl7UheK6FD8ZkmqdzI1HcE+++TM/-Tmp-//qebek-conf-17626-13437-31276.c:4: error: (Each undeclared identifier is reported only once
/var/folders/Sl/Sl7UheK6FD8ZkmqdzI1HcE+++TM/-Tmp-//qebek-conf-17626-13437-31276.c:4: error: for each function it appears in.)
/var/folders/Sl/Sl7UheK6FD8ZkmqdzI1HcE+++TM/-Tmp-//qebek-conf-17626-13437-31276.c:4: warning: control reaches end of non-void function
gcc -m64 -arch x86_64 -D_FORTIFY_SOURCE=2 -D_GNU_SOURCE -D_FILE_OFFSET_BITS=64 -D_LARGEFILE_SOURCE -Wstrict-prototypes -Wredundant-decls -Wall -Wundef -Wendif-labels -Wwrite-strings -Wmissing-prototypes -fno-strict-aliasing -fstack-protector-all -Wmissing-include-dirs -Wempty-body -Wnested-externs -Wformat-security -Wformat-y2k -Winit-self -Wold-style-definition -o /var/folders/Sl/Sl7UheK6FD8ZkmqdzI1HcE+++TM/-Tmp-//qebek-conf-21310-13437-21881.exe /var/folders/Sl/Sl7UheK6FD8ZkmqdzI1HcE+++TM/-Tmp-//qebek-conf-17626-13437-31276.c -m64 -framework CoreFoundation -framework IOKit -arch x86_64 -g -lfdt
ld: library not found for -lfdt
collect2: ld returned 1 exit status
gcc -m64 -arch x86_64 -D_FORTIFY_SOURCE=2 -D_GNU_SOURCE -D_FILE_OFFSET_BITS=64 -D_LARGEFILE_SOURCE -Wstrict-prototypes -Wredundant-decls -Wall -Wundef -Wendif-labels -Wwrite-strings -Wmissing-prototypes -fno-strict-aliasing -fstack-protector-all -Wmissing-include-dirs -Wempty-body -Wnested-externs -Wformat-security -Wformat-y2k -Winit-self -Wold-style-definition -o /var/folders/Sl/Sl7UheK6FD8ZkmqdzI1HcE+++TM/-Tmp-//qebek-conf-21310-13437-21881.exe /var/folders/Sl/Sl7UheK6FD8ZkmqdzI1HcE+++TM/-Tmp-//qebek-conf-17626-13437-31276.c -m64 -framework CoreFoundation -framework IOKit -arch x86_64 -g
/var/folders/Sl/Sl7UheK6FD8ZkmqdzI1HcE+++TM/-Tmp-//qebek-conf-17626-13437-31276.c: In function ‘main’:
/var/folders/Sl/Sl7UheK6FD8ZkmqdzI1HcE+++TM/-Tmp-//qebek-conf-17626-13437-31276.c:10: warning: implicit declaration of function ‘unlinkat’
/var/folders/Sl/Sl7UheK6FD8ZkmqdzI1HcE+++TM/-Tmp-//qebek-conf-17626-13437-31276.c:10: warning: nested extern declaration of ‘unlinkat’
/var/folders/Sl/Sl7UheK6FD8ZkmqdzI1HcE+++TM/-Tmp-//qebek-conf-17626-13437-31276.c:10: error: ‘AT_FDCWD’ undeclared (first use in this function)
/var/folders/Sl/Sl7UheK6FD8ZkmqdzI1HcE+++TM/-Tmp-//qebek-conf-17626-13437-31276.c:10: error: (Each undeclared identifier is reported only once
/var/folders/Sl/Sl7UheK6FD8ZkmqdzI1HcE+++TM/-Tmp-//qebek-conf-17626-13437-31276.c:10: error: for each function it appears in.)
gcc -m64 -arch x86_64 -D_FORTIFY_SOURCE=2 -D_GNU_SOURCE -D_FILE_OFFSET_BITS=64 -D_LARGEFILE_SOURCE -Wstrict-prototypes -Wredundant-decls -Wall -Wundef -Wendif-labels -Wwrite-strings -Wmissing-prototypes -fno-strict-aliasing -fstack-protector-all -Wmissing-include-dirs -Wempty-body -Wnested-externs -Wformat-security -Wformat-y2k -Winit-self -Wold-style-definition -o /var/folders/Sl/Sl7UheK6FD8ZkmqdzI1HcE+++TM/-Tmp-//qebek-conf-21310-13437-21881.exe /var/folders/Sl/Sl7UheK6FD8ZkmqdzI1HcE+++TM/-Tmp-//qebek-conf-17626-13437-31276.c -m64 -framework CoreFoundation -framework IOKit -arch x86_64 -g
/var/folders/Sl/Sl7UheK6FD8ZkmqdzI1HcE+++TM/-Tmp-//qebek-conf-17626-13437-31276.c:1:25: error: sys/inotify.h: No such file or directory
/var/folders/Sl/Sl7UheK6FD8ZkmqdzI1HcE+++TM/-Tmp-//qebek-conf-17626-13437-31276.c: In function ‘main’:
/var/folders/Sl/Sl7UheK6FD8ZkmqdzI1HcE+++TM/-Tmp-//qebek-conf-17626-13437-31276.c:7: warning: implicit declaration of function ‘inotify_init’
/var/folders/Sl/Sl7UheK6FD8ZkmqdzI1HcE+++TM/-Tmp-//qebek-conf-17626-13437-31276.c:7: warning: nested extern declaration of ‘inotify_init’
gcc -m64 -arch x86_64 -D_FORTIFY_SOURCE=2 -D_GNU_SOURCE -D_FILE_OFFSET_BITS=64 -D_LARGEFILE_SOURCE -Wstrict-prototypes -Wredundant-decls -Wall -Wundef -Wendif-labels -Wwrite-strings -Wmissing-prototypes -fno-strict-aliasing -fstack-protector-all -Wmissing-include-dirs -Wempty-body -Wnested-externs -Wformat-security -Wformat-y2k -Winit-self -Wold-style-definition -o /var/folders/Sl/Sl7UheK6FD8ZkmqdzI1HcE+++TM/-Tmp-//qebek-conf-21310-13437-21881.exe /var/folders/Sl/Sl7UheK6FD8ZkmqdzI1HcE+++TM/-Tmp-//qebek-conf-17626-13437-31276.c -m64 -framework CoreFoundation -framework IOKit -arch x86_64 -g
/var/folders/Sl/Sl7UheK6FD8ZkmqdzI1HcE+++TM/-Tmp-//qebek-conf-17626-13437-31276.c:1:25: error: sys/inotify.h: No such file or directory
/var/folders/Sl/Sl7UheK6FD8ZkmqdzI1HcE+++TM/-Tmp-//qebek-conf-17626-13437-31276.c: In function ‘main’:
/var/folders/Sl/Sl7UheK6FD8ZkmqdzI1HcE+++TM/-Tmp-//qebek-conf-17626-13437-31276.c:7: warning: implicit declaration of function ‘inotify_init1’
/var/folders/Sl/Sl7UheK6FD8ZkmqdzI1HcE+++TM/-Tmp-//qebek-conf-17626-13437-31276.c:7: warning: nested extern declaration of ‘inotify_init1’
gcc -m64 -arch x86_64 -D_FORTIFY_SOURCE=2 -D_GNU_SOURCE -D_FILE_OFFSET_BITS=64 -D_LARGEFILE_SOURCE -Wstrict-prototypes -Wredundant-decls -Wall -Wundef -Wendif-labels -Wwrite-strings -Wmissing-prototypes -fno-strict-aliasing -fstack-protector-all -Wmissing-include-dirs -Wempty-body -Wnested-externs -Wformat-security -Wformat-y2k -Winit-self -Wold-style-definition -o /var/folders/Sl/Sl7UheK6FD8ZkmqdzI1HcE+++TM/-Tmp-//qebek-conf-21310-13437-21881.exe /var/folders/Sl/Sl7UheK6FD8ZkmqdzI1HcE+++TM/-Tmp-//qebek-conf-17626-13437-31276.c -m64 -framework CoreFoundation -framework IOKit -arch x86_64 -g
/var/folders/Sl/Sl7UheK6FD8ZkmqdzI1HcE+++TM/-Tmp-//qebek-conf-17626-13437-31276.c: In function ‘main’:
/var/folders/Sl/Sl7UheK6FD8ZkmqdzI1HcE+++TM/-Tmp-//qebek-conf-17626-13437-31276.c:7: warning: implicit declaration of function ‘utimensat’
/var/folders/Sl/Sl7UheK6FD8ZkmqdzI1HcE+++TM/-Tmp-//qebek-conf-17626-13437-31276.c:7: warning: nested extern declaration of ‘utimensat’
/var/folders/Sl/Sl7UheK6FD8ZkmqdzI1HcE+++TM/-Tmp-//qebek-conf-17626-13437-31276.c:7: error: ‘AT_FDCWD’ undeclared (first use in this function)
/var/folders/Sl/Sl7UheK6FD8ZkmqdzI1HcE+++TM/-Tmp-//qebek-conf-17626-13437-31276.c:7: error: (Each undeclared identifier is reported only once
/var/folders/Sl/Sl7UheK6FD8ZkmqdzI1HcE+++TM/-Tmp-//qebek-conf-17626-13437-31276.c:7: error: for each function it appears in.)
/var/folders/Sl/Sl7UheK6FD8ZkmqdzI1HcE+++TM/-Tmp-//qebek-conf-17626-13437-31276.c:8: warning: implicit declaration of function ‘futimens’
/var/folders/Sl/Sl7UheK6FD8ZkmqdzI1HcE+++TM/-Tmp-//qebek-conf-17626-13437-31276.c:8: warning: nested extern declaration of ‘futimens’
gcc -m64 -arch x86_64 -D_FORTIFY_SOURCE=2 -D_GNU_SOURCE -D_FILE_OFFSET_BITS=64 -D_LARGEFILE_SOURCE -Wstrict-prototypes -Wredundant-decls -Wall -Wundef -Wendif-labels -Wwrite-strings -Wmissing-prototypes -fno-strict-aliasing -fstack-protector-all -Wmissing-include-dirs -Wempty-body -Wnested-externs -Wformat-security -Wformat-y2k -Winit-self -Wold-style-definition -o /var/folders/Sl/Sl7UheK6FD8ZkmqdzI1HcE+++TM/-Tmp-//qebek-conf-21310-13437-21881.exe /var/folders/Sl/Sl7UheK6FD8ZkmqdzI1HcE+++TM/-Tmp-//qebek-conf-17626-13437-31276.c -m64 -framework CoreFoundation -framework IOKit -arch x86_64 -g
/var/folders/Sl/Sl7UheK6FD8ZkmqdzI1HcE+++TM/-Tmp-//qebek-conf-17626-13437-31276.c: In function ‘main’:
/var/folders/Sl/Sl7UheK6FD8ZkmqdzI1HcE+++TM/-Tmp-//qebek-conf-17626-13437-31276.c:7: warning: implicit declaration of function ‘pipe2’
/var/folders/Sl/Sl7UheK6FD8ZkmqdzI1HcE+++TM/-Tmp-//qebek-conf-17626-13437-31276.c:7: warning: nested extern declaration of ‘pipe2’
/var/folders/Sl/Sl7UheK6FD8ZkmqdzI1HcE+++TM/-Tmp-//qebek-conf-17626-13437-31276.c:7: error: ‘O_CLOEXEC’ undeclared (first use in this function)
/var/folders/Sl/Sl7UheK6FD8ZkmqdzI1HcE+++TM/-Tmp-//qebek-conf-17626-13437-31276.c:7: error: (Each undeclared identifier is reported only once
/var/folders/Sl/Sl7UheK6FD8ZkmqdzI1HcE+++TM/-Tmp-//qebek-conf-17626-13437-31276.c:7: error: for each function it appears in.)
gcc -m64 -arch x86_64 -D_FORTIFY_SOURCE=2 -D_GNU_SOURCE -D_FILE_OFFSET_BITS=64 -D_LARGEFILE_SOURCE -Wstrict-prototypes -Wredundant-decls -Wall -Wundef -Wendif-labels -Wwrite-strings -Wmissing-prototypes -fno-strict-aliasing -fstack-protector-all -Wmissing-include-dirs -Wempty-body -Wnested-externs -Wformat-security -Wformat-y2k -Winit-self -Wold-style-definition -o /var/folders/Sl/Sl7UheK6FD8ZkmqdzI1HcE+++TM/-Tmp-//qebek-conf-21310-13437-21881.exe /var/folders/Sl/Sl7UheK6FD8ZkmqdzI1HcE+++TM/-Tmp-//qebek-conf-17626-13437-31276.c -m64 -framework CoreFoundation -framework IOKit -arch x86_64 -g
/var/folders/Sl/Sl7UheK6FD8ZkmqdzI1HcE+++TM/-Tmp-//qebek-conf-17626-13437-31276.c: In function ‘main’:
/var/folders/Sl/Sl7UheK6FD8ZkmqdzI1HcE+++TM/-Tmp-//qebek-conf-17626-13437-31276.c:6: warning: implicit declaration of function ‘accept4’
/var/folders/Sl/Sl7UheK6FD8ZkmqdzI1HcE+++TM/-Tmp-//qebek-conf-17626-13437-31276.c:6: warning: nested extern declaration of ‘accept4’
/var/folders/Sl/Sl7UheK6FD8ZkmqdzI1HcE+++TM/-Tmp-//qebek-conf-17626-13437-31276.c:6: error: ‘SOCK_CLOEXEC’ undeclared (first use in this function)
/var/folders/Sl/Sl7UheK6FD8ZkmqdzI1HcE+++TM/-Tmp-//qebek-conf-17626-13437-31276.c:6: error: (Each undeclared identifier is reported only once
/var/folders/Sl/Sl7UheK6FD8ZkmqdzI1HcE+++TM/-Tmp-//qebek-conf-17626-13437-31276.c:6: error: for each function it appears in.)
gcc -m64 -arch x86_64 -D_FORTIFY_SOURCE=2 -D_GNU_SOURCE -D_FILE_OFFSET_BITS=64 -D_LARGEFILE_SOURCE -Wstrict-prototypes -Wredundant-decls -Wall -Wundef -Wendif-labels -Wwrite-strings -Wmissing-prototypes -fno-strict-aliasing -fstack-protector-all -Wmissing-include-dirs -Wempty-body -Wnested-externs -Wformat-security -Wformat-y2k -Winit-self -Wold-style-definition -o /var/folders/Sl/Sl7UheK6FD8ZkmqdzI1HcE+++TM/-Tmp-//qebek-conf-21310-13437-21881.exe /var/folders/Sl/Sl7UheK6FD8ZkmqdzI1HcE+++TM/-Tmp-//qebek-conf-17626-13437-31276.c -m64 -framework CoreFoundation -framework IOKit -arch x86_64 -g
/var/folders/Sl/Sl7UheK6FD8ZkmqdzI1HcE+++TM/-Tmp-//qebek-conf-17626-13437-31276.c: In function ‘main’:
/var/folders/Sl/Sl7UheK6FD8ZkmqdzI1HcE+++TM/-Tmp-//qebek-conf-17626-13437-31276.c:8: warning: implicit declaration of function ‘tee’
/var/folders/Sl/Sl7UheK6FD8ZkmqdzI1HcE+++TM/-Tmp-//qebek-conf-17626-13437-31276.c:8: warning: nested extern declaration of ‘tee’
/var/folders/Sl/Sl7UheK6FD8ZkmqdzI1HcE+++TM/-Tmp-//qebek-conf-17626-13437-31276.c:8: error: ‘SPLICE_F_NONBLOCK’ undeclared (first use in this function)
/var/folders/Sl/Sl7UheK6FD8ZkmqdzI1HcE+++TM/-Tmp-//qebek-conf-17626-13437-31276.c:8: error: (Each undeclared identifier is reported only once
/var/folders/Sl/Sl7UheK6FD8ZkmqdzI1HcE+++TM/-Tmp-//qebek-conf-17626-13437-31276.c:8: error: for each function it appears in.)
/var/folders/Sl/Sl7UheK6FD8ZkmqdzI1HcE+++TM/-Tmp-//qebek-conf-17626-13437-31276.c:9: warning: implicit declaration of function ‘splice’
/var/folders/Sl/Sl7UheK6FD8ZkmqdzI1HcE+++TM/-Tmp-//qebek-conf-17626-13437-31276.c:9: warning: nested extern declaration of ‘splice’
/var/folders/Sl/Sl7UheK6FD8ZkmqdzI1HcE+++TM/-Tmp-//qebek-conf-17626-13437-31276.c:9: error: ‘SPLICE_F_MOVE’ undeclared (first use in this function)
gcc -m64 -arch x86_64 -D_FORTIFY_SOURCE=2 -D_GNU_SOURCE -D_FILE_OFFSET_BITS=64 -D_LARGEFILE_SOURCE -Wstrict-prototypes -Wredundant-decls -Wall -Wundef -Wendif-labels -Wwrite-strings -Wmissing-prototypes -fno-strict-aliasing -fstack-protector-all -Wmissing-include-dirs -Wempty-body -Wnested-externs -Wformat-security -Wformat-y2k -Winit-self -Wold-style-definition -o /var/folders/Sl/Sl7UheK6FD8ZkmqdzI1HcE+++TM/-Tmp-//qebek-conf-21310-13437-21881.exe /var/folders/Sl/Sl7UheK6FD8ZkmqdzI1HcE+++TM/-Tmp-//qebek-conf-17626-13437-31276.c -m64 -framework CoreFoundation -framework IOKit -arch x86_64 -g
/var/folders/Sl/Sl7UheK6FD8ZkmqdzI1HcE+++TM/-Tmp-//qebek-conf-17626-13437-31276.c:1:1: warning: "_GNU_SOURCE" redefined
<command-line>: warning: this is the location of the previous definition
/var/folders/Sl/Sl7UheK6FD8ZkmqdzI1HcE+++TM/-Tmp-//qebek-conf-17626-13437-31276.c: In function ‘main’:
/var/folders/Sl/Sl7UheK6FD8ZkmqdzI1HcE+++TM/-Tmp-//qebek-conf-17626-13437-31276.c:5: error: ‘SYS_signalfd’ undeclared (first use in this function)
/var/folders/Sl/Sl7UheK6FD8ZkmqdzI1HcE+++TM/-Tmp-//qebek-conf-17626-13437-31276.c:5: error: (Each undeclared identifier is reported only once
/var/folders/Sl/Sl7UheK6FD8ZkmqdzI1HcE+++TM/-Tmp-//qebek-conf-17626-13437-31276.c:5: error: for each function it appears in.)
/var/folders/Sl/Sl7UheK6FD8ZkmqdzI1HcE+++TM/-Tmp-//qebek-conf-17626-13437-31276.c:5: error: ‘_NSIG’ undeclared (first use in this function)
gcc -m64 -arch x86_64 -D_FORTIFY_SOURCE=2 -D_GNU_SOURCE -D_FILE_OFFSET_BITS=64 -D_LARGEFILE_SOURCE -Wstrict-prototypes -Wredundant-decls -Wall -Wundef -Wendif-labels -Wwrite-strings -Wmissing-prototypes -fno-strict-aliasing -fstack-protector-all -Wmissing-include-dirs -Wempty-body -Wnested-externs -Wformat-security -Wformat-y2k -Winit-self -Wold-style-definition -o /var/folders/Sl/Sl7UheK6FD8ZkmqdzI1HcE+++TM/-Tmp-//qebek-conf-21310-13437-21881.exe /var/folders/Sl/Sl7UheK6FD8ZkmqdzI1HcE+++TM/-Tmp-//qebek-conf-17626-13437-31276.c -m64 -framework CoreFoundation -framework IOKit -arch x86_64 -g
/var/folders/Sl/Sl7UheK6FD8ZkmqdzI1HcE+++TM/-Tmp-//qebek-conf-17626-13437-31276.c:1:25: error: sys/eventfd.h: No such file or directory
/var/folders/Sl/Sl7UheK6FD8ZkmqdzI1HcE+++TM/-Tmp-//qebek-conf-17626-13437-31276.c: In function ‘main’:
/var/folders/Sl/Sl7UheK6FD8ZkmqdzI1HcE+++TM/-Tmp-//qebek-conf-17626-13437-31276.c:5: warning: implicit declaration of function ‘eventfd’
/var/folders/Sl/Sl7UheK6FD8ZkmqdzI1HcE+++TM/-Tmp-//qebek-conf-17626-13437-31276.c:5: warning: nested extern declaration of ‘eventfd’
/var/folders/Sl/Sl7UheK6FD8ZkmqdzI1HcE+++TM/-Tmp-//qebek-conf-17626-13437-31276.c:5: warning: unused variable ‘efd’
gcc -m64 -arch x86_64 -D_FORTIFY_SOURCE=2 -D_GNU_SOURCE -D_FILE_OFFSET_BITS=64 -D_LARGEFILE_SOURCE -Wstrict-prototypes -Wredundant-decls -Wall -Wundef -Wendif-labels -Wwrite-strings -Wmissing-prototypes -fno-strict-aliasing -fstack-protector-all -Wmissing-include-dirs -Wempty-body -Wnested-externs -Wformat-security -Wformat-y2k -Winit-self -Wold-style-definition -o /var/folders/Sl/Sl7UheK6FD8ZkmqdzI1HcE+++TM/-Tmp-//qebek-conf-21310-13437-21881.exe /var/folders/Sl/Sl7UheK6FD8ZkmqdzI1HcE+++TM/-Tmp-//qebek-conf-17626-13437-31276.c -m64 -framework CoreFoundation -framework IOKit -arch x86_64 -g
/var/folders/Sl/Sl7UheK6FD8ZkmqdzI1HcE+++TM/-Tmp-//qebek-conf-17626-13437-31276.c: In function ‘main’:
/var/folders/Sl/Sl7UheK6FD8ZkmqdzI1HcE+++TM/-Tmp-//qebek-conf-17626-13437-31276.c:5: warning: implicit declaration of function ‘fallocate’
/var/folders/Sl/Sl7UheK6FD8ZkmqdzI1HcE+++TM/-Tmp-//qebek-conf-17626-13437-31276.c:5: warning: nested extern declaration of ‘fallocate’
Undefined symbols for architecture x86_64:
  "_fallocate", referenced from:
      _main in ccu0OBjL.o
ld: symbol(s) not found for architecture x86_64
collect2: ld returned 1 exit status
gcc -m64 -arch x86_64 -D_FORTIFY_SOURCE=2 -D_GNU_SOURCE -D_FILE_OFFSET_BITS=64 -D_LARGEFILE_SOURCE -Wstrict-prototypes -Wredundant-decls -Wall -Wundef -Wendif-labels -Wwrite-strings -Wmissing-prototypes -fno-strict-aliasing -fstack-protector-all -Wmissing-include-dirs -Wempty-body -Wnested-externs -Wformat-security -Wformat-y2k -Winit-self -Wold-style-definition -o /var/folders/Sl/Sl7UheK6FD8ZkmqdzI1HcE+++TM/-Tmp-//qebek-conf-21310-13437-21881.exe /var/folders/Sl/Sl7UheK6FD8ZkmqdzI1HcE+++TM/-Tmp-//qebek-conf-17626-13437-31276.c -m64 -framework CoreFoundation -framework IOKit -arch x86_64 -g
/var/folders/Sl/Sl7UheK6FD8ZkmqdzI1HcE+++TM/-Tmp-//qebek-conf-17626-13437-31276.c: In function ‘main’:
/var/folders/Sl/Sl7UheK6FD8ZkmqdzI1HcE+++TM/-Tmp-//qebek-conf-17626-13437-31276.c:5: warning: implicit declaration of function ‘sync_file_range’
/var/folders/Sl/Sl7UheK6FD8ZkmqdzI1HcE+++TM/-Tmp-//qebek-conf-17626-13437-31276.c:5: warning: nested extern declaration of ‘sync_file_range’
Undefined symbols for architecture x86_64:
  "_sync_file_range", referenced from:
      _main in ccnFJ8jB.o
ld: symbol(s) not found for architecture x86_64
collect2: ld returned 1 exit status
gcc -m64 -arch x86_64 -D_FORTIFY_SOURCE=2 -D_GNU_SOURCE -D_FILE_OFFSET_BITS=64 -D_LARGEFILE_SOURCE -Wstrict-prototypes -Wredundant-decls -Wall -Wundef -Wendif-labels -Wwrite-strings -Wmissing-prototypes -fno-strict-aliasing -fstack-protector-all -Wmissing-include-dirs -Wempty-body -Wnested-externs -Wformat-security -Wformat-y2k -Winit-self -Wold-style-definition -o /var/folders/Sl/Sl7UheK6FD8ZkmqdzI1HcE+++TM/-Tmp-//qebek-conf-21310-13437-21881.exe /var/folders/Sl/Sl7UheK6FD8ZkmqdzI1HcE+++TM/-Tmp-//qebek-conf-17626-13437-31276.c -m64 -framework CoreFoundation -framework IOKit -arch x86_64 -g
/var/folders/Sl/Sl7UheK6FD8ZkmqdzI1HcE+++TM/-Tmp-//qebek-conf-17626-13437-31276.c:2:22: error: linux/fs.h: No such file or directory
/var/folders/Sl/Sl7UheK6FD8ZkmqdzI1HcE+++TM/-Tmp-//qebek-conf-17626-13437-31276.c:3:26: error: linux/fiemap.h: No such file or directory
/var/folders/Sl/Sl7UheK6FD8ZkmqdzI1HcE+++TM/-Tmp-//qebek-conf-17626-13437-31276.c: In function ‘main’:
/var/folders/Sl/Sl7UheK6FD8ZkmqdzI1HcE+++TM/-Tmp-//qebek-conf-17626-13437-31276.c:7: error: ‘FS_IOC_FIEMAP’ undeclared (first use in this function)
/var/folders/Sl/Sl7UheK6FD8ZkmqdzI1HcE+++TM/-Tmp-//qebek-conf-17626-13437-31276.c:7: error: (Each undeclared identifier is reported only once
/var/folders/Sl/Sl7UheK6FD8ZkmqdzI1HcE+++TM/-Tmp-//qebek-conf-17626-13437-31276.c:7: error: for each function it appears in.)
gcc -m64 -arch x86_64 -D_FORTIFY_SOURCE=2 -D_GNU_SOURCE -D_FILE_OFFSET_BITS=64 -D_LARGEFILE_SOURCE -Wstrict-prototypes -Wredundant-decls -Wall -Wundef -Wendif-labels -Wwrite-strings -Wmissing-prototypes -fno-strict-aliasing -fstack-protector-all -Wmissing-include-dirs -Wempty-body -Wnested-externs -Wformat-security -Wformat-y2k -Winit-self -Wold-style-definition -o /var/folders/Sl/Sl7UheK6FD8ZkmqdzI1HcE+++TM/-Tmp-//qebek-conf-21310-13437-21881.exe /var/folders/Sl/Sl7UheK6FD8ZkmqdzI1HcE+++TM/-Tmp-//qebek-conf-17626-13437-31276.c -m64 -framework CoreFoundation -framework IOKit -arch x86_64 -g
/var/folders/Sl/Sl7UheK6FD8ZkmqdzI1HcE+++TM/-Tmp-//qebek-conf-17626-13437-31276.c: In function ‘main’:
/var/folders/Sl/Sl7UheK6FD8ZkmqdzI1HcE+++TM/-Tmp-//qebek-conf-17626-13437-31276.c:5: warning: implicit declaration of function ‘dup3’
/var/folders/Sl/Sl7UheK6FD8ZkmqdzI1HcE+++TM/-Tmp-//qebek-conf-17626-13437-31276.c:5: warning: nested extern declaration of ‘dup3’
Undefined symbols for architecture x86_64:
  "_dup3", referenced from:
      _main in ccXCKGTW.o
ld: symbol(s) not found for architecture x86_64
collect2: ld returned 1 exit status
gcc -m64 -arch x86_64 -D_FORTIFY_SOURCE=2 -D_GNU_SOURCE -D_FILE_OFFSET_BITS=64 -D_LARGEFILE_SOURCE -Wstrict-prototypes -Wredundant-decls -Wall -Wundef -Wendif-labels -Wwrite-strings -Wmissing-prototypes -fno-strict-aliasing -fstack-protector-all -Wmissing-include-dirs -Wempty-body -Wnested-externs -Wformat-security -Wformat-y2k -Winit-self -Wold-style-definition -o /var/folders/Sl/Sl7UheK6FD8ZkmqdzI1HcE+++TM/-Tmp-//qebek-conf-21310-13437-21881.exe /var/folders/Sl/Sl7UheK6FD8ZkmqdzI1HcE+++TM/-Tmp-//qebek-conf-17626-13437-31276.c -m64 -framework CoreFoundation -framework IOKit -arch x86_64 -g
/var/folders/Sl/Sl7UheK6FD8ZkmqdzI1HcE+++TM/-Tmp-//qebek-conf-17626-13437-31276.c:1:22: error: byteswap.h: No such file or directory
/var/folders/Sl/Sl7UheK6FD8ZkmqdzI1HcE+++TM/-Tmp-//qebek-conf-17626-13437-31276.c: In function ‘main’:
/var/folders/Sl/Sl7UheK6FD8ZkmqdzI1HcE+++TM/-Tmp-//qebek-conf-17626-13437-31276.c:2: warning: implicit declaration of function ‘bswap_32’
/var/folders/Sl/Sl7UheK6FD8ZkmqdzI1HcE+++TM/-Tmp-//qebek-conf-17626-13437-31276.c:2: warning: nested extern declaration of ‘bswap_32’
gcc -m64 -arch x86_64 -D_FORTIFY_SOURCE=2 -D_GNU_SOURCE -D_FILE_OFFSET_BITS=64 -D_LARGEFILE_SOURCE -Wstrict-prototypes -Wredundant-decls -Wall -Wundef -Wendif-labels -Wwrite-strings -Wmissing-prototypes -fno-strict-aliasing -fstack-protector-all -Wmissing-include-dirs -Wempty-body -Wnested-externs -Wformat-security -Wformat-y2k -Winit-self -Wold-style-definition -o /var/folders/Sl/Sl7UheK6FD8ZkmqdzI1HcE+++TM/-Tmp-//qebek-conf-21310-13437-21881.exe /var/folders/Sl/Sl7UheK6FD8ZkmqdzI1HcE+++TM/-Tmp-//qebek-conf-17626-13437-31276.c -m64 -framework CoreFoundation -framework IOKit -arch x86_64 -g
/var/folders/Sl/Sl7UheK6FD8ZkmqdzI1HcE+++TM/-Tmp-//qebek-conf-17626-13437-31276.c:1:24: error: sys/endian.h: No such file or directory
/var/folders/Sl/Sl7UheK6FD8ZkmqdzI1HcE+++TM/-Tmp-//qebek-conf-17626-13437-31276.c:3:27: error: machine/bswap.h: No such file or directory
/var/folders/Sl/Sl7UheK6FD8ZkmqdzI1HcE+++TM/-Tmp-//qebek-conf-17626-13437-31276.c: In function ‘main’:
/var/folders/Sl/Sl7UheK6FD8ZkmqdzI1HcE+++TM/-Tmp-//qebek-conf-17626-13437-31276.c:4: warning: implicit declaration of function ‘bswap32’
/var/folders/Sl/Sl7UheK6FD8ZkmqdzI1HcE+++TM/-Tmp-//qebek-conf-17626-13437-31276.c:4: warning: nested extern declaration of ‘bswap32’
gcc -m64 -arch x86_64 -D_FORTIFY_SOURCE=2 -D_GNU_SOURCE -D_FILE_OFFSET_BITS=64 -D_LARGEFILE_SOURCE -Wstrict-prototypes -Wredundant-decls -Wall -Wundef -Wendif-labels -Wwrite-strings -Wmissing-prototypes -fno-strict-aliasing -fstack-protector-all -Wmissing-include-dirs -Wempty-body -Wnested-externs -Wformat-security -Wformat-y2k -Winit-self -Wold-style-definition -o /var/folders/Sl/Sl7UheK6FD8ZkmqdzI1HcE+++TM/-Tmp-//qebek-conf-21310-13437-21881.exe /var/folders/Sl/Sl7UheK6FD8ZkmqdzI1HcE+++TM/-Tmp-//qebek-conf-17626-13437-31276.c -m64 -framework CoreFoundation -framework IOKit -arch x86_64 -g
/var/folders/Sl/Sl7UheK6FD8ZkmqdzI1HcE+++TM/-Tmp-//qebek-conf-17626-13437-31276.c: In function ‘main’:
/var/folders/Sl/Sl7UheK6FD8ZkmqdzI1HcE+++TM/-Tmp-//qebek-conf-17626-13437-31276.c:3: error: ‘clockid_t’ undeclared (first use in this function)
/var/folders/Sl/Sl7UheK6FD8ZkmqdzI1HcE+++TM/-Tmp-//qebek-conf-17626-13437-31276.c:3: error: (Each undeclared identifier is reported only once
/var/folders/Sl/Sl7UheK6FD8ZkmqdzI1HcE+++TM/-Tmp-//qebek-conf-17626-13437-31276.c:3: error: for each function it appears in.)
/var/folders/Sl/Sl7UheK6FD8ZkmqdzI1HcE+++TM/-Tmp-//qebek-conf-17626-13437-31276.c:3: error: expected ‘;’ before ‘id’
/var/folders/Sl/Sl7UheK6FD8ZkmqdzI1HcE+++TM/-Tmp-//qebek-conf-17626-13437-31276.c:3: warning: implicit declaration of function ‘clock_gettime’
/var/folders/Sl/Sl7UheK6FD8ZkmqdzI1HcE+++TM/-Tmp-//qebek-conf-17626-13437-31276.c:3: warning: nested extern declaration of ‘clock_gettime’
/var/folders/Sl/Sl7UheK6FD8ZkmqdzI1HcE+++TM/-Tmp-//qebek-conf-17626-13437-31276.c:3: error: ‘id’ undeclared (first use in this function)
gcc -m64 -arch x86_64 -D_FORTIFY_SOURCE=2 -D_GNU_SOURCE -D_FILE_OFFSET_BITS=64 -D_LARGEFILE_SOURCE -Wstrict-prototypes -Wredundant-decls -Wall -Wundef -Wendif-labels -Wwrite-strings -Wmissing-prototypes -fno-strict-aliasing -fstack-protector-all -Wmissing-include-dirs -Wempty-body -Wnested-externs -Wformat-security -Wformat-y2k -Winit-self -Wold-style-definition -o /var/folders/Sl/Sl7UheK6FD8ZkmqdzI1HcE+++TM/-Tmp-//qebek-conf-21310-13437-21881.exe /var/folders/Sl/Sl7UheK6FD8ZkmqdzI1HcE+++TM/-Tmp-//qebek-conf-17626-13437-31276.c -m64 -framework CoreFoundation -framework IOKit -arch x86_64 -g -lrt
/var/folders/Sl/Sl7UheK6FD8ZkmqdzI1HcE+++TM/-Tmp-//qebek-conf-17626-13437-31276.c: In function ‘main’:
/var/folders/Sl/Sl7UheK6FD8ZkmqdzI1HcE+++TM/-Tmp-//qebek-conf-17626-13437-31276.c:3: error: ‘clockid_t’ undeclared (first use in this function)
/var/folders/Sl/Sl7UheK6FD8ZkmqdzI1HcE+++TM/-Tmp-//qebek-conf-17626-13437-31276.c:3: error: (Each undeclared identifier is reported only once
/var/folders/Sl/Sl7UheK6FD8ZkmqdzI1HcE+++TM/-Tmp-//qebek-conf-17626-13437-31276.c:3: error: for each function it appears in.)
/var/folders/Sl/Sl7UheK6FD8ZkmqdzI1HcE+++TM/-Tmp-//qebek-conf-17626-13437-31276.c:3: error: expected ‘;’ before ‘id’
/var/folders/Sl/Sl7UheK6FD8ZkmqdzI1HcE+++TM/-Tmp-//qebek-conf-17626-13437-31276.c:3: warning: implicit declaration of function ‘clock_gettime’
/var/folders/Sl/Sl7UheK6FD8ZkmqdzI1HcE+++TM/-Tmp-//qebek-conf-17626-13437-31276.c:3: warning: nested extern declaration of ‘clock_gettime’
/var/folders/Sl/Sl7UheK6FD8ZkmqdzI1HcE+++TM/-Tmp-//qebek-conf-17626-13437-31276.c:3: error: ‘id’ undeclared (first use in this function)
gcc -m64 -arch x86_64 -D_FORTIFY_SOURCE=2 -D_GNU_SOURCE -D_FILE_OFFSET_BITS=64 -D_LARGEFILE_SOURCE -Wstrict-prototypes -Wredundant-decls -Wall -Wundef -Wendif-labels -Wwrite-strings -Wmissing-prototypes -fno-strict-aliasing -fstack-protector-all -Wmissing-include-dirs -Wempty-body -Wnested-externs -Wformat-security -Wformat-y2k -Winit-self -Wold-style-definition -o /var/folders/Sl/Sl7UheK6FD8ZkmqdzI1HcE+++TM/-Tmp-//qebek-conf-21310-13437-21881.exe /var/folders/Sl/Sl7UheK6FD8ZkmqdzI1HcE+++TM/-Tmp-//qebek-conf-17626-13437-31276.c -m64 -framework CoreFoundation -framework IOKit -arch x86_64 -g
gcc -m64 -arch x86_64 -D_FORTIFY_SOURCE=2 -D_GNU_SOURCE -D_FILE_OFFSET_BITS=64 -D_LARGEFILE_SOURCE -Wstrict-prototypes -Wredundant-decls -Wall -Wundef -Wendif-labels -Wwrite-strings -Wmissing-prototypes -fno-strict-aliasing -fstack-protector-all -Wmissing-include-dirs -Wempty-body -Wnested-externs -Wformat-security -Wformat-y2k -Winit-self -Wold-style-definition -o /var/folders/Sl/Sl7UheK6FD8ZkmqdzI1HcE+++TM/-Tmp-//qebek-conf-21310-13437-21881.exe /var/folders/Sl/Sl7UheK6FD8ZkmqdzI1HcE+++TM/-Tmp-//qebek-conf-17626-13437-31276.c -m64 -framework CoreFoundation -framework IOKit -arch x86_64 -g
gcc -m64 -arch x86_64 -D_FORTIFY_SOURCE=2 -D_GNU_SOURCE -D_FILE_OFFSET_BITS=64 -D_LARGEFILE_SOURCE -Wstrict-prototypes -Wredundant-decls -Wall -Wundef -Wendif-labels -Wwrite-strings -Wmissing-prototypes -fno-strict-aliasing -fstack-protector-all -Wmissing-include-dirs -Wempty-body -Wnested-externs -Wformat-security -Wformat-y2k -Winit-self -Wold-style-definition -o /var/folders/Sl/Sl7UheK6FD8ZkmqdzI1HcE+++TM/-Tmp-//qebek-conf-21310-13437-21881.exe /var/folders/Sl/Sl7UheK6FD8ZkmqdzI1HcE+++TM/-Tmp-//qebek-conf-17626-13437-31276.c -m64 -framework CoreFoundation -framework IOKit -arch x86_64 -g
/var/folders/Sl/Sl7UheK6FD8ZkmqdzI1HcE+++TM/-Tmp-//qebek-conf-17626-13437-31276.c: In function ‘main’:
/var/folders/Sl/Sl7UheK6FD8ZkmqdzI1HcE+++TM/-Tmp-//qebek-conf-17626-13437-31276.c:2: warning: implicit declaration of function ‘fdatasync’
/var/folders/Sl/Sl7UheK6FD8ZkmqdzI1HcE+++TM/-Tmp-//qebek-conf-17626-13437-31276.c:2: warning: nested extern declaration of ‘fdatasync’
gcc -m64 -arch x86_64 -D_FORTIFY_SOURCE=2 -D_GNU_SOURCE -D_FILE_OFFSET_BITS=64 -D_LARGEFILE_SOURCE -Wstrict-prototypes -Wredundant-decls -Wall -Wundef -Wendif-labels -Wwrite-strings -Wmissing-prototypes -fno-strict-aliasing -fstack-protector-all -Wmissing-include-dirs -Wempty-body -Wnested-externs -Wformat-security -Wformat-y2k -Winit-self -Wold-style-definition -o /var/folders/Sl/Sl7UheK6FD8ZkmqdzI1HcE+++TM/-Tmp-//qebek-conf-21310-13437-21881.exe /var/folders/Sl/Sl7UheK6FD8ZkmqdzI1HcE+++TM/-Tmp-//qebek-conf-17626-13437-31276.c -m64 -framework CoreFoundation -framework IOKit -arch x86_64 -g
gcc -m64 -arch x86_64 -D_FORTIFY_SOURCE=2 -D_GNU_SOURCE -D_FILE_OFFSET_BITS=64 -D_LARGEFILE_SOURCE -Wstrict-prototypes -Wredundant-decls -Wall -Wundef -Wendif-labels -Wwrite-strings -Wmissing-prototypes -fno-strict-aliasing -fstack-protector-all -Wmissing-include-dirs -Wempty-body -Wnested-externs -Wformat-security -Wformat-y2k -Winit-self -Wold-style-definition -o /var/folders/Sl/Sl7UheK6FD8ZkmqdzI1HcE+++TM/-Tmp-//qebek-conf-21310-13437-21881.exe /var/folders/Sl/Sl7UheK6FD8ZkmqdzI1HcE+++TM/-Tmp-//qebek-conf-17626-13437-31276.c -m64 -framework CoreFoundation -framework IOKit -arch x86_64 -g
